[0.453s] Invoking command in 'C:\Users\nabet\Desktop\GUI\ROTAS-ROS2\build\ROTAS_pkg': CL=/MP C:\Program Files\CMake\bin\cmake.EXE --build C:\Users\nabet\Desktop\GUI\ROTAS-ROS2\build\ROTAS_pkg --config Release
[0.641s] Microsoft (R) Build Engine version 16.11.2+f32259642 for .NET Framework
[0.641s] Copyright (C) Microsoft Corporation. All rights reserved.
[0.641s] 
[1.266s]   1>Checking Build System
[1.516s]   Building Custom Rule C:/Users/nabet/Desktop/GUI/ROTAS-ROS2/src/ROTAS_pkg/CMakeLists.txt
[1.797s]   ros2_relay.cpp
[5.688s] C:\Users\nabet\Desktop\GUI\ROTAS-ROS2\src\ROTAS_pkg\src\ros2_relay.cpp(141,49): warning C4838: conversion from 'unsigned __int64' to 'int' requires a narrowing conversion [C:\Users\nabet\Desktop\GUI\ROTAS-ROS2\build\ROTAS_pkg\relay.vcxproj]
[5.703s] C:\Users\nabet\Desktop\GUI\ROTAS-ROS2\src\ROTAS_pkg\src\ros2_relay.cpp(141,51): warning C4267: 'initializing': conversion from 'size_t' to 'int', possible loss of data [C:\Users\nabet\Desktop\GUI\ROTAS-ROS2\build\ROTAS_pkg\relay.vcxproj]
[5.703s] C:\Users\nabet\Desktop\GUI\ROTAS-ROS2\src\ROTAS_pkg\src\ros2_relay.cpp(168,34): warning C4838: conversion from 'unsigned __int64' to 'int' requires a narrowing conversion [C:\Users\nabet\Desktop\GUI\ROTAS-ROS2\build\ROTAS_pkg\relay.vcxproj]
[5.703s] C:\Users\nabet\Desktop\GUI\ROTAS-ROS2\src\ROTAS_pkg\src\ros2_relay.cpp(168,138): warning C4267: 'initializing': conversion from 'size_t' to 'int', possible loss of data [C:\Users\nabet\Desktop\GUI\ROTAS-ROS2\build\ROTAS_pkg\relay.vcxproj]
[5.703s] C:\Users\nabet\Desktop\GUI\ROTAS-ROS2\src\ROTAS_pkg\src\ros2_relay.cpp(173,8): warning C4267: 'argument': conversion from 'size_t' to 'int', possible loss of data [C:\Users\nabet\Desktop\GUI\ROTAS-ROS2\build\ROTAS_pkg\relay.vcxproj]
[14.188s]   relay.vcxproj -> C:\Users\nabet\Desktop\GUI\ROTAS-ROS2\build\ROTAS_pkg\Release\relay.exe
[14.375s]   Building Custom Rule C:/Users/nabet/Desktop/GUI/ROTAS-ROS2/src/ROTAS_pkg/CMakeLists.txt
[14.547s]   talker.vcxproj -> C:\Users\nabet\Desktop\GUI\ROTAS-ROS2\build\ROTAS_pkg\Release\talker.exe
[14.734s]   Building Custom Rule C:/Users/nabet/Desktop/GUI/ROTAS-ROS2/src/ROTAS_pkg/CMakeLists.txt
[14.875s] Invoked command in 'C:\Users\nabet\Desktop\GUI\ROTAS-ROS2\build\ROTAS_pkg' returned '0': CL=/MP C:\Program Files\CMake\bin\cmake.EXE --build C:\Users\nabet\Desktop\GUI\ROTAS-ROS2\build\ROTAS_pkg --config Release
[14.906s] Invoking command in 'C:\Users\nabet\Desktop\GUI\ROTAS-ROS2\build\ROTAS_pkg': C:\Program Files\CMake\bin\cmake.EXE --install C:\Users\nabet\Desktop\GUI\ROTAS-ROS2\build\ROTAS_pkg --config Release
[14.938s] -- Up-to-date: C:/Users/nabet/Desktop/GUI/ROTAS-ROS2/install/lib/ROTAS_pkg/talker.exe
[15.031s] -- Installing: C:/Users/nabet/Desktop/GUI/ROTAS-ROS2/install/lib/ROTAS_pkg/relay.exe
[15.031s] -- Up-to-date: C:/Users/nabet/Desktop/GUI/ROTAS-ROS2/install/share/ament_index/resource_index/package_run_dependencies/ROTAS_pkg
[15.031s] -- Up-to-date: C:/Users/nabet/Desktop/GUI/ROTAS-ROS2/install/share/ament_index/resource_index/parent_prefix_path/ROTAS_pkg
[15.047s] -- Up-to-date: C:/Users/nabet/Desktop/GUI/ROTAS-ROS2/install/share/ROTAS_pkg/environment/ament_prefix_path.bat
[15.047s] -- Up-to-date: C:/Users/nabet/Desktop/GUI/ROTAS-ROS2/install/share/ROTAS_pkg/environment/ament_prefix_path.dsv
[15.047s] -- Up-to-date: C:/Users/nabet/Desktop/GUI/ROTAS-ROS2/install/share/ROTAS_pkg/environment/path.bat
[15.047s] -- Up-to-date: C:/Users/nabet/Desktop/GUI/ROTAS-ROS2/install/share/ROTAS_pkg/environment/path.dsv
[15.047s] -- Up-to-date: C:/Users/nabet/Desktop/GUI/ROTAS-ROS2/install/share/ROTAS_pkg/local_setup.bat
[15.047s] -- Up-to-date: C:/Users/nabet/Desktop/GUI/ROTAS-ROS2/install/share/ROTAS_pkg/local_setup.dsv
[15.047s] -- Installing: C:/Users/nabet/Desktop/GUI/ROTAS-ROS2/install/share/ROTAS_pkg/package.dsv
[15.047s] -- Up-to-date: C:/Users/nabet/Desktop/GUI/ROTAS-ROS2/install/share/ament_index/resource_index/packages/ROTAS_pkg
[15.047s] -- Up-to-date: C:/Users/nabet/Desktop/GUI/ROTAS-ROS2/install/share/ROTAS_pkg/cmake/ROTAS_pkgConfig.cmake
[15.047s] -- Up-to-date: C:/Users/nabet/Desktop/GUI/ROTAS-ROS2/install/share/ROTAS_pkg/cmake/ROTAS_pkgConfig-version.cmake
[15.047s] -- Up-to-date: C:/Users/nabet/Desktop/GUI/ROTAS-ROS2/install/share/ROTAS_pkg/package.xml
[15.063s] Invoked command in 'C:\Users\nabet\Desktop\GUI\ROTAS-ROS2\build\ROTAS_pkg' returned '0': C:\Program Files\CMake\bin\cmake.EXE --install C:\Users\nabet\Desktop\GUI\ROTAS-ROS2\build\ROTAS_pkg --config Release
