[0.391s] Invoking command in 'C:\Users\nabet\desktop\GUI\ROTAS-ROS2\build\ROTAS_pkg': CL=/MP C:\Program Files\CMake\bin\cmake.EXE --build C:\Users\nabet\desktop\GUI\ROTAS-ROS2\build\ROTAS_pkg --config Release
[0.422s] CMake is re-running because C:/Users/nabet/Desktop/GUI/ROTAS-ROS2/build/ROTAS_pkg/CMakeFiles/generate.stamp is out-of-date.
[0.422s]   the file 'C:/Users/nabet/Desktop/GUI/ROTAS-ROS2/build/ROTAS_pkg/ament_cmake_core/package.cmake'
[0.422s]   is newer than 'C:/Users/nabet/Desktop/GUI/ROTAS-ROS2/build/ROTAS_pkg/CMakeFiles/generate.stamp.depend'
[0.422s]   result='-1'
[0.438s] -- Selecting Windows SDK version 10.0.19041.0 to target Windows 10.0.22631.
[0.453s] -- Found ament_cmake: 2.5.2 (C:/dev/ros2_jazzy/share/ament_cmake/cmake)
[1.250s] -- Found rclcpp: 28.1.3 (C:/dev/ros2_jazzy/share/rclcpp/cmake)
[1.313s] -- Found rosidl_generator_c: 4.6.3 (C:/dev/ros2_jazzy/share/rosidl_generator_c/cmake)
[1.359s] -- Found rosidl_generator_cpp: 4.6.3 (C:/dev/ros2_jazzy/share/rosidl_generator_cpp/cmake)
[1.391s] -- Using all available rosidl_typesupport_c: rosidl_typesupport_fastrtps_c;rosidl_typesupport_introspection_c
[1.438s] -- Using all available rosidl_typesupport_cpp: rosidl_typesupport_fastrtps_cpp;rosidl_typesupport_introspection_cpp
[1.641s] -- Found rmw_implementation_cmake: 7.3.1 (C:/dev/ros2_jazzy/share/rmw_implementation_cmake/cmake)
[1.656s] -- Found rmw_fastrtps_cpp: 8.4.1 (C:/dev/ros2_jazzy/share/rmw_fastrtps_cpp/cmake)
[1.844s] -- Using RMW implementation 'rmw_fastrtps_cpp' as default
[2.016s] -- Found std_msgs: 5.3.5 (C:/dev/ros2_jazzy/share/std_msgs/cmake)
[2.063s] -- OpenCV ARCH: x64
[2.063s] -- OpenCV RUNTIME: vc16
[2.063s] -- OpenCV STATIC: OFF
[2.078s] -- Found OpenCV 4.10.0 in C:/opt/opencv/build/x64/vc16/lib
[2.078s] -- You might need to add C:\opt\opencv\build\x64\vc16\bin to your PATH to be able to run your applications.
[2.078s] -- Building for Windows
[2.281s] WARNING: Package name "ROTAS_pkg" does not follow the naming conventions. It should start with a lower case letter and only contain lower case letters, digits, underscores, and dashes.
[2.328s] -- Configuring done (1.9s)
[3.266s] -- Generating done (0.9s)
[3.297s] -- Build files have been written to: C:/Users/nabet/Desktop/GUI/ROTAS-ROS2/build/ROTAS_pkg
[3.438s] Microsoft (R) Build Engine version 16.11.2+f32259642 for .NET Framework
[3.438s] Copyright (C) Microsoft Corporation. All rights reserved.
[3.438s] 
[4.016s]   1>Checking Build System
[4.344s]   Building Custom Rule C:/Users/nabet/Desktop/GUI/ROTAS-ROS2/src/ROTAS_pkg/CMakeLists.txt
[5.094s]   relay.vcxproj -> C:\Users\nabet\Desktop\GUI\ROTAS-ROS2\build\ROTAS_pkg\Release\relay.exe
[5.234s]   Building Custom Rule C:/Users/nabet/Desktop/GUI/ROTAS-ROS2/src/ROTAS_pkg/CMakeLists.txt
[5.359s]   talker.vcxproj -> C:\Users\nabet\Desktop\GUI\ROTAS-ROS2\build\ROTAS_pkg\Release\talker.exe
[5.469s]   Building Custom Rule C:/Users/nabet/Desktop/GUI/ROTAS-ROS2/src/ROTAS_pkg/CMakeLists.txt
[5.578s] Invoked command in 'C:\Users\nabet\desktop\GUI\ROTAS-ROS2\build\ROTAS_pkg' returned '0': CL=/MP C:\Program Files\CMake\bin\cmake.EXE --build C:\Users\nabet\desktop\GUI\ROTAS-ROS2\build\ROTAS_pkg --config Release
[5.641s] Invoking command in 'C:\Users\nabet\desktop\GUI\ROTAS-ROS2\build\ROTAS_pkg': C:\Program Files\CMake\bin\cmake.EXE --install C:\Users\nabet\desktop\GUI\ROTAS-ROS2\build\ROTAS_pkg --config Release
[5.703s] -- Installing: C:/Users/nabet/Desktop/GUI/ROTAS-ROS2/install/lib/ROTAS_pkg/relay.exe
[5.703s] -- Up-to-date: C:/Users/nabet/Desktop/GUI/ROTAS-ROS2/install/lib/ROTAS_pkg/talker.exe
[5.703s] -- Up-to-date: C:/Users/nabet/Desktop/GUI/ROTAS-ROS2/install/share/ament_index/resource_index/package_run_dependencies/ROTAS_pkg
[5.703s] -- Installing: C:/Users/nabet/Desktop/GUI/ROTAS-ROS2/install/share/ament_index/resource_index/parent_prefix_path/ROTAS_pkg
[5.703s] -- Up-to-date: C:/Users/nabet/Desktop/GUI/ROTAS-ROS2/install/share/ROTAS_pkg/environment/ament_prefix_path.bat
[5.703s] -- Up-to-date: C:/Users/nabet/Desktop/GUI/ROTAS-ROS2/install/share/ROTAS_pkg/environment/ament_prefix_path.dsv
[5.703s] -- Up-to-date: C:/Users/nabet/Desktop/GUI/ROTAS-ROS2/install/share/ROTAS_pkg/environment/path.bat
[5.703s] -- Up-to-date: C:/Users/nabet/Desktop/GUI/ROTAS-ROS2/install/share/ROTAS_pkg/environment/path.dsv
[5.703s] -- Up-to-date: C:/Users/nabet/Desktop/GUI/ROTAS-ROS2/install/share/ROTAS_pkg/local_setup.bat
[5.703s] -- Up-to-date: C:/Users/nabet/Desktop/GUI/ROTAS-ROS2/install/share/ROTAS_pkg/local_setup.dsv
[5.719s] -- Installing: C:/Users/nabet/Desktop/GUI/ROTAS-ROS2/install/share/ROTAS_pkg/package.dsv
[5.719s] -- Up-to-date: C:/Users/nabet/Desktop/GUI/ROTAS-ROS2/install/share/ament_index/resource_index/packages/ROTAS_pkg
[5.719s] -- Up-to-date: C:/Users/nabet/Desktop/GUI/ROTAS-ROS2/install/share/ROTAS_pkg/cmake/ROTAS_pkgConfig.cmake
[5.719s] -- Up-to-date: C:/Users/nabet/Desktop/GUI/ROTAS-ROS2/install/share/ROTAS_pkg/cmake/ROTAS_pkgConfig-version.cmake
[5.719s] -- Up-to-date: C:/Users/nabet/Desktop/GUI/ROTAS-ROS2/install/share/ROTAS_pkg/package.xml
[5.719s] Invoked command in 'C:\Users\nabet\desktop\GUI\ROTAS-ROS2\build\ROTAS_pkg' returned '0': C:\Program Files\CMake\bin\cmake.EXE --install C:\Users\nabet\desktop\GUI\ROTAS-ROS2\build\ROTAS_pkg --config Release
