CMake is re-running because C:/Users/nabet/Desktop/GUI/ROTAS-ROS2/build/ROTAS_pkg/CMakeFiles/generate.stamp is out-of-date.
  the file 'C:/Users/nabet/Desktop/GUI/ROTAS-ROS2/src/ROTAS_pkg/CMakeLists.txt'
  is newer than 'C:/Users/nabet/Desktop/GUI/ROTAS-ROS2/build/ROTAS_pkg/CMakeFiles/generate.stamp.depend'
  result='-1'
-- Selecting Windows SDK version 10.0.19041.0 to target Windows 10.0.22631.
-- Found ament_cmake: 2.5.2 (C:/dev/ros2_jazzy/share/ament_cmake/cmake)
-- Found rclcpp: 28.1.3 (C:/dev/ros2_jazzy/share/rclcpp/cmake)
-- Found rosidl_generator_c: 4.6.3 (C:/dev/ros2_jazzy/share/rosidl_generator_c/cmake)
-- Found rosidl_generator_cpp: 4.6.3 (C:/dev/ros2_jazzy/share/rosidl_generator_cpp/cmake)
-- Using all available rosidl_typesupport_c: rosidl_typesupport_fastrtps_c;rosidl_typesupport_introspection_c
-- Using all available rosidl_typesupport_cpp: rosidl_typesupport_fastrtps_cpp;rosidl_typesupport_introspection_cpp
-- Found rmw_implementation_cmake: 7.3.1 (C:/dev/ros2_jazzy/share/rmw_implementation_cmake/cmake)
-- Found rmw_fastrtps_cpp: 8.4.1 (C:/dev/ros2_jazzy/share/rmw_fastrtps_cpp/cmake)
-- Using RMW implementation 'rmw_fastrtps_cpp' as default
-- Found std_msgs: 5.3.5 (C:/dev/ros2_jazzy/share/std_msgs/cmake)
-- OpenCV ARCH: x64
-- OpenCV RUNTIME: vc16
-- OpenCV STATIC: OFF
-- Found OpenCV 4.10.0 in C:/opt/opencv/build/x64/vc16/lib
-- You might need to add C:\opt\opencv\build\x64\vc16\bin to your PATH to be able to run your applications.
-- Building for Windows
CMake Error at CMakeLists.txt:39 (install):
  install TARGETS given target "talker" which does not exist.


WARNING: Package name "ROTAS_pkg" does not follow the naming conventions. It should start with a lower case letter and only contain lower case letters, digits, underscores, and dashes.
-- Configuring incomplete, errors occurred!
CMake Configure step failed.  Build files cannot be regenerated correctly.
