[0.468s] Invoking command in 'C:\Users\nabet\desktop\GUI\ROTAS-ROS2\build\ROTAS_pkg': CL=/MP C:\Program Files\CMake\bin\cmake.EXE --build C:\Users\nabet\desktop\GUI\ROTAS-ROS2\build\ROTAS_pkg --config Release
[0.500s] CMake is re-running because C:/Users/nabet/Desktop/GUI/ROTAS-ROS2/build/ROTAS_pkg/CMakeFiles/generate.stamp is out-of-date.
[0.500s]   the file 'C:/Users/nabet/Desktop/GUI/ROTAS-ROS2/src/ROTAS_pkg/CMakeLists.txt'
[0.500s]   is newer than 'C:/Users/nabet/Desktop/GUI/ROTAS-ROS2/build/ROTAS_pkg/CMakeFiles/generate.stamp.depend'
[0.500s]   result='-1'
[0.515s] -- Selecting Windows SDK version 10.0.19041.0 to target Windows 10.0.22631.
[0.968s] -- Found ament_cmake: 2.5.2 (C:/dev/ros2_jazzy/share/ament_cmake/cmake)
[3.406s] -- Found rclcpp: 28.1.3 (C:/dev/ros2_jazzy/share/rclcpp/cmake)
[4.250s] -- Found rosidl_generator_c: 4.6.3 (C:/dev/ros2_jazzy/share/rosidl_generator_c/cmake)
[4.390s] -- Found rosidl_generator_cpp: 4.6.3 (C:/dev/ros2_jazzy/share/rosidl_generator_cpp/cmake)
[4.625s] -- Using all available rosidl_typesupport_c: rosidl_typesupport_fastrtps_c;rosidl_typesupport_introspection_c
[4.797s] -- Using all available rosidl_typesupport_cpp: rosidl_typesupport_fastrtps_cpp;rosidl_typesupport_introspection_cpp
[5.828s] -- Found rmw_implementation_cmake: 7.3.1 (C:/dev/ros2_jazzy/share/rmw_implementation_cmake/cmake)
[5.875s] -- Found rmw_fastrtps_cpp: 8.4.1 (C:/dev/ros2_jazzy/share/rmw_fastrtps_cpp/cmake)
[6.484s] -- Using RMW implementation 'rmw_fastrtps_cpp' as default
[7.328s] -- Found std_msgs: 5.3.5 (C:/dev/ros2_jazzy/share/std_msgs/cmake)
[7.562s] -- OpenCV ARCH: x64
[7.562s] -- OpenCV RUNTIME: vc16
[7.562s] -- OpenCV STATIC: OFF
[7.609s] -- Found OpenCV 4.10.0 in C:/opt/opencv/build/x64/vc16/lib
[7.609s] -- You might need to add C:\opt\opencv\build\x64\vc16\bin to your PATH to be able to run your applications.
[7.609s] -- Building for Windows
[7.609s] CMake Error at CMakeLists.txt:39 (install):
[7.609s]   install TARGETS given target "talker" which does not exist.
[7.609s] 
[7.609s] 
[7.875s] WARNING: Package name "ROTAS_pkg" does not follow the naming conventions. It should start with a lower case letter and only contain lower case letters, digits, underscores, and dashes.
[8.109s] -- Configuring incomplete, errors occurred!
[8.140s] CMake Configure step failed.  Build files cannot be regenerated correctly.
[8.156s] Invoked command in 'C:\Users\nabet\desktop\GUI\ROTAS-ROS2\build\ROTAS_pkg' returned '4294967295': CL=/MP C:\Program Files\CMake\bin\cmake.EXE --build C:\Users\nabet\desktop\GUI\ROTAS-ROS2\build\ROTAS_pkg --config Release
