[0.453s] Invoking command in 'C:\Users\nabet\Desktop\GUI\ROTAS-ROS2\build\ROTAS_pkg': CL=/MP C:\Program Files\CMake\bin\cmake.EXE --build C:\Users\nabet\Desktop\GUI\ROTAS-ROS2\build\ROTAS_pkg --config Release
[0.656s] Microsoft (R) Build Engine version 16.11.2+f32259642 for .NET Framework
[0.656s] Copyright (C) Microsoft Corporation. All rights reserved.
[0.656s] 
[1.312s]   1>Checking Build System
[1.593s]   Building Custom Rule C:/Users/nabet/Desktop/GUI/ROTAS-ROS2/src/ROTAS_pkg/CMakeLists.txt
[1.906s]   ros2_relay.cpp
[7.000s] C:\Users\nabet\Desktop\GUI\ROTAS-ROS2\src\ROTAS_pkg\src\ros2_relay.cpp(142,49): warning C4838: conversion from 'unsigned __int64' to 'int' requires a narrowing conversion [C:\Users\nabet\Desktop\GUI\ROTAS-ROS2\build\ROTAS_pkg\relay.vcxproj]
[7.000s] C:\Users\nabet\Desktop\GUI\ROTAS-ROS2\src\ROTAS_pkg\src\ros2_relay.cpp(142,51): warning C4267: 'initializing': conversion from 'size_t' to 'int', possible loss of data [C:\Users\nabet\Desktop\GUI\ROTAS-ROS2\build\ROTAS_pkg\relay.vcxproj]
[7.000s] C:\Users\nabet\Desktop\GUI\ROTAS-ROS2\src\ROTAS_pkg\src\ros2_relay.cpp(169,34): warning C4838: conversion from 'unsigned __int64' to 'int' requires a narrowing conversion [C:\Users\nabet\Desktop\GUI\ROTAS-ROS2\build\ROTAS_pkg\relay.vcxproj]
[7.000s] C:\Users\nabet\Desktop\GUI\ROTAS-ROS2\src\ROTAS_pkg\src\ros2_relay.cpp(169,138): warning C4267: 'initializing': conversion from 'size_t' to 'int', possible loss of data [C:\Users\nabet\Desktop\GUI\ROTAS-ROS2\build\ROTAS_pkg\relay.vcxproj]
[7.000s] C:\Users\nabet\Desktop\GUI\ROTAS-ROS2\src\ROTAS_pkg\src\ros2_relay.cpp(174,8): warning C4267: 'argument': conversion from 'size_t' to 'int', possible loss of data [C:\Users\nabet\Desktop\GUI\ROTAS-ROS2\build\ROTAS_pkg\relay.vcxproj]
[19.312s]   relay.vcxproj -> C:\Users\nabet\Desktop\GUI\ROTAS-ROS2\build\ROTAS_pkg\Release\relay.exe
[19.546s]   Building Custom Rule C:/Users/nabet/Desktop/GUI/ROTAS-ROS2/src/ROTAS_pkg/CMakeLists.txt
[19.671s]   talker.vcxproj -> C:\Users\nabet\Desktop\GUI\ROTAS-ROS2\build\ROTAS_pkg\Release\talker.exe
[19.812s]   Building Custom Rule C:/Users/nabet/Desktop/GUI/ROTAS-ROS2/src/ROTAS_pkg/CMakeLists.txt
[19.937s] Invoked command in 'C:\Users\nabet\Desktop\GUI\ROTAS-ROS2\build\ROTAS_pkg' returned '0': CL=/MP C:\Program Files\CMake\bin\cmake.EXE --build C:\Users\nabet\Desktop\GUI\ROTAS-ROS2\build\ROTAS_pkg --config Release
[19.984s] Invoking command in 'C:\Users\nabet\Desktop\GUI\ROTAS-ROS2\build\ROTAS_pkg': C:\Program Files\CMake\bin\cmake.EXE --install C:\Users\nabet\Desktop\GUI\ROTAS-ROS2\build\ROTAS_pkg --config Release
[20.015s] -- Up-to-date: C:/Users/nabet/Desktop/GUI/ROTAS-ROS2/install/lib/ROTAS_pkg/talker.exe
[20.062s] -- Installing: C:/Users/nabet/Desktop/GUI/ROTAS-ROS2/install/lib/ROTAS_pkg/relay.exe
[20.062s] -- Up-to-date: C:/Users/nabet/Desktop/GUI/ROTAS-ROS2/install/share/ament_index/resource_index/package_run_dependencies/ROTAS_pkg
[20.062s] -- Up-to-date: C:/Users/nabet/Desktop/GUI/ROTAS-ROS2/install/share/ament_index/resource_index/parent_prefix_path/ROTAS_pkg
[20.062s] -- Up-to-date: C:/Users/nabet/Desktop/GUI/ROTAS-ROS2/install/share/ROTAS_pkg/environment/ament_prefix_path.bat
[20.078s] -- Up-to-date: C:/Users/nabet/Desktop/GUI/ROTAS-ROS2/install/share/ROTAS_pkg/environment/ament_prefix_path.dsv
[20.078s] -- Up-to-date: C:/Users/nabet/Desktop/GUI/ROTAS-ROS2/install/share/ROTAS_pkg/environment/path.bat
[20.078s] -- Up-to-date: C:/Users/nabet/Desktop/GUI/ROTAS-ROS2/install/share/ROTAS_pkg/environment/path.dsv
[20.078s] -- Up-to-date: C:/Users/nabet/Desktop/GUI/ROTAS-ROS2/install/share/ROTAS_pkg/local_setup.bat
[20.078s] -- Up-to-date: C:/Users/nabet/Desktop/GUI/ROTAS-ROS2/install/share/ROTAS_pkg/local_setup.dsv
[20.078s] -- Installing: C:/Users/nabet/Desktop/GUI/ROTAS-ROS2/install/share/ROTAS_pkg/package.dsv
[20.078s] -- Up-to-date: C:/Users/nabet/Desktop/GUI/ROTAS-ROS2/install/share/ament_index/resource_index/packages/ROTAS_pkg
[20.078s] -- Up-to-date: C:/Users/nabet/Desktop/GUI/ROTAS-ROS2/install/share/ROTAS_pkg/cmake/ROTAS_pkgConfig.cmake
[20.078s] -- Up-to-date: C:/Users/nabet/Desktop/GUI/ROTAS-ROS2/install/share/ROTAS_pkg/cmake/ROTAS_pkgConfig-version.cmake
[20.078s] -- Up-to-date: C:/Users/nabet/Desktop/GUI/ROTAS-ROS2/install/share/ROTAS_pkg/package.xml
[20.093s] Invoked command in 'C:\Users\nabet\Desktop\GUI\ROTAS-ROS2\build\ROTAS_pkg' returned '0': C:\Program Files\CMake\bin\cmake.EXE --install C:\Users\nabet\Desktop\GUI\ROTAS-ROS2\build\ROTAS_pkg --config Release
