[0.235s] Invoking command in 'C:\Users\nabet\desktop\GUI\ROTAS-ROS2\build\ROTAS_pkg': CL=/MP C:\Program Files\CMake\bin\cmake.EXE --build C:\Users\nabet\desktop\GUI\ROTAS-ROS2\build\ROTAS_pkg --config Release
[0.313s] Microsoft (R) Build Engine version 16.11.2+f32259642 for .NET Framework
[0.313s] Copyright (C) Microsoft Corporation. All rights reserved.
[0.313s] 
[0.594s]   1>Checking Build System
[0.750s]   Building Custom Rule C:/Users/nabet/Desktop/GUI/ROTAS-ROS2/src/ROTAS_pkg/CMakeLists.txt
[0.875s]   ros2_relay.cpp
[2.547s] C:\Users\nabet\Desktop\GUI\ROTAS-ROS2\src\ROTAS_pkg\src\ros2_relay.cpp(138,49): warning C4838: conversion from 'unsigned __int64' to 'int' requires a narrowing conversion [C:\Users\nabet\Desktop\GUI\ROTAS-ROS2\build\ROTAS_pkg\relay.vcxproj]
[2.563s] C:\Users\nabet\Desktop\GUI\ROTAS-ROS2\src\ROTAS_pkg\src\ros2_relay.cpp(138,51): warning C4267: 'initializing': conversion from 'size_t' to 'int', possible loss of data [C:\Users\nabet\Desktop\GUI\ROTAS-ROS2\build\ROTAS_pkg\relay.vcxproj]
[2.563s] C:\Users\nabet\Desktop\GUI\ROTAS-ROS2\src\ROTAS_pkg\src\ros2_relay.cpp(165,34): warning C4838: conversion from 'unsigned __int64' to 'int' requires a narrowing conversion [C:\Users\nabet\Desktop\GUI\ROTAS-ROS2\build\ROTAS_pkg\relay.vcxproj]
[2.563s] C:\Users\nabet\Desktop\GUI\ROTAS-ROS2\src\ROTAS_pkg\src\ros2_relay.cpp(165,117): warning C4267: 'initializing': conversion from 'size_t' to 'int', possible loss of data [C:\Users\nabet\Desktop\GUI\ROTAS-ROS2\build\ROTAS_pkg\relay.vcxproj]
[2.563s] C:\Users\nabet\Desktop\GUI\ROTAS-ROS2\src\ROTAS_pkg\src\ros2_relay.cpp(170,7): warning C4267: 'argument': conversion from 'size_t' to 'int', possible loss of data [C:\Users\nabet\Desktop\GUI\ROTAS-ROS2\build\ROTAS_pkg\relay.vcxproj]
[5.922s]   relay.vcxproj -> C:\Users\nabet\Desktop\GUI\ROTAS-ROS2\build\ROTAS_pkg\Release\relay.exe
[5.985s]   Building Custom Rule C:/Users/nabet/Desktop/GUI/ROTAS-ROS2/src/ROTAS_pkg/CMakeLists.txt
[6.031s]   talker.vcxproj -> C:\Users\nabet\Desktop\GUI\ROTAS-ROS2\build\ROTAS_pkg\Release\talker.exe
[6.078s]   Building Custom Rule C:/Users/nabet/Desktop/GUI/ROTAS-ROS2/src/ROTAS_pkg/CMakeLists.txt
[6.141s] Invoked command in 'C:\Users\nabet\desktop\GUI\ROTAS-ROS2\build\ROTAS_pkg' returned '0': CL=/MP C:\Program Files\CMake\bin\cmake.EXE --build C:\Users\nabet\desktop\GUI\ROTAS-ROS2\build\ROTAS_pkg --config Release
[6.172s] Invoking command in 'C:\Users\nabet\desktop\GUI\ROTAS-ROS2\build\ROTAS_pkg': C:\Program Files\CMake\bin\cmake.EXE --install C:\Users\nabet\desktop\GUI\ROTAS-ROS2\build\ROTAS_pkg --config Release
[6.235s] -- Installing: C:/Users/nabet/Desktop/GUI/ROTAS-ROS2/install/lib/ROTAS_pkg/relay.exe
[6.235s] -- Up-to-date: C:/Users/nabet/Desktop/GUI/ROTAS-ROS2/install/lib/ROTAS_pkg/talker.exe
[6.235s] -- Up-to-date: C:/Users/nabet/Desktop/GUI/ROTAS-ROS2/install/share/ament_index/resource_index/package_run_dependencies/ROTAS_pkg
[6.235s] -- Up-to-date: C:/Users/nabet/Desktop/GUI/ROTAS-ROS2/install/share/ament_index/resource_index/parent_prefix_path/ROTAS_pkg
[6.235s] -- Up-to-date: C:/Users/nabet/Desktop/GUI/ROTAS-ROS2/install/share/ROTAS_pkg/environment/ament_prefix_path.bat
[6.235s] -- Up-to-date: C:/Users/nabet/Desktop/GUI/ROTAS-ROS2/install/share/ROTAS_pkg/environment/ament_prefix_path.dsv
[6.235s] -- Up-to-date: C:/Users/nabet/Desktop/GUI/ROTAS-ROS2/install/share/ROTAS_pkg/environment/path.bat
[6.235s] -- Up-to-date: C:/Users/nabet/Desktop/GUI/ROTAS-ROS2/install/share/ROTAS_pkg/environment/path.dsv
[6.235s] -- Up-to-date: C:/Users/nabet/Desktop/GUI/ROTAS-ROS2/install/share/ROTAS_pkg/local_setup.bat
[6.235s] -- Up-to-date: C:/Users/nabet/Desktop/GUI/ROTAS-ROS2/install/share/ROTAS_pkg/local_setup.dsv
[6.250s] -- Installing: C:/Users/nabet/Desktop/GUI/ROTAS-ROS2/install/share/ROTAS_pkg/package.dsv
[6.250s] -- Up-to-date: C:/Users/nabet/Desktop/GUI/ROTAS-ROS2/install/share/ament_index/resource_index/packages/ROTAS_pkg
[6.250s] -- Up-to-date: C:/Users/nabet/Desktop/GUI/ROTAS-ROS2/install/share/ROTAS_pkg/cmake/ROTAS_pkgConfig.cmake
[6.250s] -- Up-to-date: C:/Users/nabet/Desktop/GUI/ROTAS-ROS2/install/share/ROTAS_pkg/cmake/ROTAS_pkgConfig-version.cmake
[6.250s] -- Up-to-date: C:/Users/nabet/Desktop/GUI/ROTAS-ROS2/install/share/ROTAS_pkg/package.xml
[6.250s] Invoked command in 'C:\Users\nabet\desktop\GUI\ROTAS-ROS2\build\ROTAS_pkg' returned '0': C:\Program Files\CMake\bin\cmake.EXE --install C:\Users\nabet\desktop\GUI\ROTAS-ROS2\build\ROTAS_pkg --config Release
