[0.453s] Invoking command in 'C:\Users\nabet\desktop\GUI\ROTAS-ROS2\build\ROTAS_pkg': CL=/MP C:\Program Files\CMake\bin\cmake.EXE --build C:\Users\nabet\desktop\GUI\ROTAS-ROS2\build\ROTAS_pkg --config Release
[0.485s] CMake is re-running because C:/Users/nabet/Desktop/GUI/ROTAS-ROS2/build/ROTAS_pkg/CMakeFiles/generate.stamp is out-of-date.
[0.485s]   the file 'C:/Users/nabet/Desktop/GUI/ROTAS-ROS2/build/ROTAS_pkg/ament_cmake_core/package.cmake'
[0.485s]   is newer than 'C:/Users/nabet/Desktop/GUI/ROTAS-ROS2/build/ROTAS_pkg/CMakeFiles/generate.stamp.depend'
[0.485s]   result='-1'
[0.500s] -- Selecting Windows SDK version 10.0.19041.0 to target Windows 10.0.22631.
[0.531s] -- Found ament_cmake: 2.5.2 (C:/dev/ros2_jazzy/share/ament_cmake/cmake)
[1.391s] -- Found rclcpp: 28.1.3 (C:/dev/ros2_jazzy/share/rclcpp/cmake)
[1.453s] -- Found rosidl_generator_c: 4.6.3 (C:/dev/ros2_jazzy/share/rosidl_generator_c/cmake)
[1.485s] -- Found rosidl_generator_cpp: 4.6.3 (C:/dev/ros2_jazzy/share/rosidl_generator_cpp/cmake)
[1.516s] -- Using all available rosidl_typesupport_c: rosidl_typesupport_fastrtps_c;rosidl_typesupport_introspection_c
[1.563s] -- Using all available rosidl_typesupport_cpp: rosidl_typesupport_fastrtps_cpp;rosidl_typesupport_introspection_cpp
[1.750s] -- Found rmw_implementation_cmake: 7.3.1 (C:/dev/ros2_jazzy/share/rmw_implementation_cmake/cmake)
[1.766s] -- Found rmw_fastrtps_cpp: 8.4.1 (C:/dev/ros2_jazzy/share/rmw_fastrtps_cpp/cmake)
[1.953s] -- Using RMW implementation 'rmw_fastrtps_cpp' as default
[2.110s] -- Found std_msgs: 5.3.5 (C:/dev/ros2_jazzy/share/std_msgs/cmake)
[2.156s] -- OpenCV ARCH: x64
[2.156s] -- OpenCV RUNTIME: vc16
[2.156s] -- OpenCV STATIC: OFF
[2.156s] -- Found OpenCV 4.10.0 in C:/opt/opencv/build/x64/vc16/lib
[2.156s] -- You might need to add C:\opt\opencv\build\x64\vc16\bin to your PATH to be able to run your applications.
[2.156s] -- Building for Windows
[2.156s] CMake Error at CMakeLists.txt:41 (install):
[2.156s]   install TARGETS given target "talker" which does not exist.
[2.156s] 
[2.156s] 
[2.391s] WARNING: Package name "ROTAS_pkg" does not follow the naming conventions. It should start with a lower case letter and only contain lower case letters, digits, underscores, and dashes.
[2.438s] -- Configuring incomplete, errors occurred!
[2.438s] CMake Configure step failed.  Build files cannot be regenerated correctly.
[2.469s] Invoked command in 'C:\Users\nabet\desktop\GUI\ROTAS-ROS2\build\ROTAS_pkg' returned '4294967295': CL=/MP C:\Program Files\CMake\bin\cmake.EXE --build C:\Users\nabet\desktop\GUI\ROTAS-ROS2\build\ROTAS_pkg --config Release
