[0.406s] Invoking command in 'C:\Users\nabet\desktop\GUI\ROTAS-ROS2\build\ROTAS_pkg': CL=/MP C:\Program Files\CMake\bin\cmake.EXE --build C:\Users\nabet\desktop\GUI\ROTAS-ROS2\build\ROTAS_pkg --config Release
[0.422s] CMake is re-running because C:/Users/nabet/Desktop/GUI/ROTAS-ROS2/build/ROTAS_pkg/CMakeFiles/generate.stamp is out-of-date.
[0.422s]   the file 'C:/Users/nabet/Desktop/GUI/ROTAS-ROS2/build/ROTAS_pkg/ament_cmake_core/package.cmake'
[0.422s]   is newer than 'C:/Users/nabet/Desktop/GUI/ROTAS-ROS2/build/ROTAS_pkg/CMakeFiles/generate.stamp.depend'
[0.422s]   result='-1'
[0.437s] -- Selecting Windows SDK version 10.0.19041.0 to target Windows 10.0.22631.
[0.453s] -- Found ament_cmake: 2.5.2 (C:/dev/ros2_jazzy/share/ament_cmake/cmake)
[1.219s] -- Found rclcpp: 28.1.3 (C:/dev/ros2_jazzy/share/rclcpp/cmake)
[1.281s] -- Found rosidl_generator_c: 4.6.3 (C:/dev/ros2_jazzy/share/rosidl_generator_c/cmake)
[1.312s] -- Found rosidl_generator_cpp: 4.6.3 (C:/dev/ros2_jazzy/share/rosidl_generator_cpp/cmake)
[1.344s] -- Using all available rosidl_typesupport_c: rosidl_typesupport_fastrtps_c;rosidl_typesupport_introspection_c
[1.391s] -- Using all available rosidl_typesupport_cpp: rosidl_typesupport_fastrtps_cpp;rosidl_typesupport_introspection_cpp
[1.562s] -- Found rmw_implementation_cmake: 7.3.1 (C:/dev/ros2_jazzy/share/rmw_implementation_cmake/cmake)
[1.578s] -- Found rmw_fastrtps_cpp: 8.4.1 (C:/dev/ros2_jazzy/share/rmw_fastrtps_cpp/cmake)
[1.734s] -- Using RMW implementation 'rmw_fastrtps_cpp' as default
[1.891s] -- Found std_msgs: 5.3.5 (C:/dev/ros2_jazzy/share/std_msgs/cmake)
[1.937s] -- OpenCV ARCH: x64
[1.937s] -- OpenCV RUNTIME: vc16
[1.937s] -- OpenCV STATIC: OFF
[1.953s] -- Found OpenCV 4.10.0 in C:/opt/opencv/build/x64/vc16/lib
[1.953s] -- You might need to add C:\opt\opencv\build\x64\vc16\bin to your PATH to be able to run your applications.
[1.953s] -- Building for Windows
[2.141s] WARNING: Package name "ROTAS_pkg" does not follow the naming conventions. It should start with a lower case letter and only contain lower case letters, digits, underscores, and dashes.
[2.172s] -- Configuring done (1.7s)
[2.219s] CMake Error at CMakeLists.txt:32 (add_executable):
[2.219s]   Cannot find source file:
[2.219s] 
[2.219s]     src/relay.cpp
[2.219s] 
[2.219s]   Tried extensions .c .C .c++ .cc .cpp .cxx .cu .mpp .m .M .mm .ixx .cppm
[2.219s]   .ccm .cxxm .c++m .h .hh .h++ .hm .hpp .hxx .in .txx .f .F .for .f77 .f90
[2.219s]   .f95 .f03 .hip .ispc
[2.219s] 
[2.219s] 
[2.234s] CMake Error at CMakeLists.txt:32 (add_executable):
[2.250s]   No SOURCES given to target: relay
[2.250s] 
[2.250s] 
[2.250s] CMake Generate step failed.  Build files cannot be regenerated correctly.
[2.266s] Invoked command in 'C:\Users\nabet\desktop\GUI\ROTAS-ROS2\build\ROTAS_pkg' returned '4294967295': CL=/MP C:\Program Files\CMake\bin\cmake.EXE --build C:\Users\nabet\desktop\GUI\ROTAS-ROS2\build\ROTAS_pkg --config Release
