[0.000000] (-) TimerEvent: {}
[0.016000] (ROTAS_pkg) JobQueued: {'identifier': 'ROTAS_pkg', 'dependencies': OrderedDict()}
[0.016000] (ROTAS_pkg) JobStarted: {'identifier': 'ROTAS_pkg'}
[0.125000] (-) TimerEvent: {}
[0.234000] (-) TimerEvent: {}
[0.344000] (-) TimerEvent: {}
[0.422000] (ROTAS_pkg) JobProgress: {'identifier': 'ROTAS_pkg', 'progress': 'cmake'}
[0.438000] (ROTAS_pkg) JobProgress: {'identifier': 'ROTAS_pkg', 'progress': 'build'}
[0.438000] (ROTAS_pkg) Command: {'cmd': ['C:\\Program Files\\CMake\\bin\\cmake.EXE', '--build', 'C:\\Users\\nabet\\Desktop\\GUI\\ROTAS-ROS2\\build\\ROTAS_pkg', '--config', 'Release'], 'cwd': 'C:\\Users\\nabet\\Desktop\\GUI\\ROTAS-ROS2\\build\\ROTAS_pkg', 'env': {'OS': 'Windows_NT', 'TMP': 'C:\\Users\\nabet\\AppData\\Local\\Temp', 'PSModulePath': 'C:\\Users\\nabet\\Documents\\WindowsPowerShell\\Modules;C:\\Program Files\\WindowsPowerShell\\Modules;C:\\Windows\\system32\\WindowsPowerShell\\v1.0\\Modules', 'ExtensionSdkDir': 'C:\\Program Files (x86)\\Microsoft SDKs\\Windows Kits\\10\\ExtensionSDKs', '__devinit_path': 'C:\\Program Files (x86)\\Microsoft Visual Studio\\2019\\Community\\Common7\\Tools\\devinit\\devinit.exe', 'ROS_DOMAIN_ID': '100', 'AMENT_PREFIX_PATH': 'C:\\dev\\ros2_jazzy;', 'ACSvcPort': '17532', 'IGCCSVC_DB': 'AQAAANCMnd8BFdERjHoAwE/Cl+sBAAAA3oBnLk9kMEuSRy0X16Z/vQQAAAACAAAAAAAQZgAAAAEAACAAAADm8C9FruYbjsFsl3S+7Grb03DyHmefgt9oEGStD+prYwAAAAAOgAAAAAIAACAAAACRN40bI5+ND+in46uACquN3UwXimUVztp1NOlesir2i2AAAACpdC/BBCfZNxa1QIGxPpDDXGzmIIlaOeFU2BY88WLLZv442I0T1jRmkXz1MEU7YBVO6UnVDJg7zgkTv25cLOpIcTTZdJunTof9ZiuvXRA6C3ZUVD0QLEUsFFjEfFOo2JVAAAAAOS0rwbnoZjBpcFS36Ew87ZI4437PxuuyrkDHUo4zN1YBSmG1p4fZf3l9VcyvmJS8ywAxSVnK1ixCTZFNVEKsqw==', 'ProgramData': 'C:\\ProgramData', 'VCIDEInstallDir': 'C:\\Program Files (x86)\\Microsoft Visual Studio\\2019\\Community\\Common7\\IDE\\VC\\', 'Framework40Version': 'v4.0', 'FPS_BROWSER_USER_PROFILE_STRING': 'Default', 'WindowsSDKVersion': '10.0.19041.0\\', '__VSCMD_PREINIT_PATH': 'C:\\dev\\ros2_jazzy\\opt/zstd_vendor/lib;C:\\dev\\ros2_jazzy\\opt/zstd_vendor/bin;C:\\dev\\ros2_jazzy\\opt/yaml_cpp_vendor/lib;C:\\dev\\ros2_jazzy\\opt/yaml_cpp_vendor/bin;C:\\dev\\ros2_jazzy\\opt/uncrustify_vendor/bin;C:\\dev\\ros2_jazzy\\opt/sqlite3_vendor/lib;C:\\dev\\ros2_jazzy\\opt/sqlite3_vendor/bin;C:\\dev\\ros2_jazzy\\opt/spdlog_vendor/lib;C:\\dev\\ros2_jazzy\\opt/spdlog_vendor/bin;C:\\dev\\ros2_jazzy\\opt/rviz_ogre_vendor/lib;C:\\dev\\ros2_jazzy\\opt/rviz_ogre_vendor/bin;C:\\dev\\ros2_jazzy\\opt/rviz_assimp_vendor/lib;C:\\dev\\ros2_jazzy\\opt/rviz_assimp_vendor/bin;C:\\dev\\ros2_jazzy\\opt/orocos_kdl_vendor/lib;C:\\dev\\ros2_jazzy\\opt/mimick_vendor/lib;C:\\dev\\ros2_jazzy\\opt/libyaml_vendor/lib;C:\\dev\\ros2_jazzy\\opt/libyaml_vendor/bin;C:\\dev\\ros2_jazzy\\opt/liblz4_vendor/lib;C:\\dev\\ros2_jazzy\\opt/liblz4_vendor/bin;C:\\dev\\ros2_jazzy\\opt/libcurl_vendor/lib;C:\\dev\\ros2_jazzy\\opt/libcurl_vendor/bin;C:\\dev\\ros2_jazzy\\opt/gz_math_vendor/lib;C:\\dev\\ros2_jazzy\\opt/gz_math_vendor/bin;C:\\dev\\ros2_jazzy\\opt/gz_utils_vendor/lib;C:\\dev\\ros2_jazzy\\opt/gz_utils_vendor/bin;C:\\dev\\ros2_jazzy\\opt/gz_cmake_vendor/lib;C:\\dev\\ros2_jazzy\\opt/gz_cmake_vendor/bin;C:\\dev\\ros2_jazzy\\opt/console_bridge_vendor/lib;C:\\dev\\ros2_jazzy\\opt/console_bridge_vendor/bin;C:\\dev\\ros2_jazzy\\Scripts;C:\\dev\\ros2_jazzy\\bin;C:\\Python38\\Scripts\\;C:\\Python38\\;C:\\Program Files\\Common Files\\Oracle\\Java\\javapath;C:\\Program Files\\Microsoft\\jdk-17.0.12.7-hotspot\\bin;C:\\Python312\\Scripts\\;C:\\Python312\\;C:\\Windows\\system32;C:\\Windows;C:\\Windows\\System32\\Wbem;C:\\Windows\\System32\\WindowsPowerShell\\v1.0\\;C:\\Windows\\System32\\OpenSSH\\;C:\\Program Files (x86)\\NVIDIA Corporation\\PhysX\\Common;C:\\Program Files\\NVIDIA Corporation\\NVIDIA NvDLISR;C:\\Program Files\\Git\\cmd;C:\\Program Files\\nodejs\\;C:\\ProgramData\\chocolatey\\bin;C:\\Program Files\\GitHub CLI\\;C:\\Program Files\\MATLAB\\R2024b\\bin;;C:\\ProgramData\\chocolatey\\lib\\cunit\\lib;C:\\ProgramData\\chocolatey\\lib\\tinyxml2\\lib;C:\\ProgramData\\chocolatey\\lib\\bullet\\lib;C:\\Python38\\python.exe;C:\\Users\\nabet\\anaconda3;C:\\Users\\nabet\\anaconda3\\Library\\mingw-w64\\bin;C:\\Users\\nabet\\anaconda3\\Library\\usr\\bin;C:\\Users\\nabet\\anaconda3\\Library\\bin;C:\\Users\\nabet\\anaconda3\\Scripts;C:\\Users\\nabet\\AppData\\Local\\Microsoft\\WindowsApps;C:\\Users\\nabet\\AppData\\Local\\Programs\\Microsoft VS Code\\bin;C:\\Users\\nabet\\AppData\\Local\\spicetify;C:\\Users\\nabet\\AppData\\Roaming\\npm;C:\\mingw64\\bin;C:\\Users\\nabet\\Documents\\ffmpeg-7.0.2-full_build\\bin;C:\\Program Files\\OpenSSL-Win64\\bin;C:\\opencv\\x64\\vc16\\bin;C:\\Program Files\\CMake\\bin;C:\\xmllint\\bin;C:\\Program Files\\Graphviz\\bin;C:\\opt\\opencv\\build\\x64\\vc16\\bin;C:\\opt\\opencv\\build\\x64\\vc16\\lib;', 'USERDOMAIN': 'ZEPH-AREPO', 'ComSpec': 'C:\\Windows\\system32\\cmd.exe', 'VCToolsVersion': '14.29.30133', 'INCLUDE': 'C:\\Program Files (x86)\\Microsoft Visual Studio\\2019\\Community\\VC\\Tools\\MSVC\\14.29.30133\\ATLMFC\\include;C:\\Program Files (x86)\\Microsoft Visual Studio\\2019\\Community\\VC\\Tools\\MSVC\\14.29.30133\\include;C:\\Program Files (x86)\\Windows Kits\\10\\include\\10.0.19041.0\\ucrt;C:\\Program Files (x86)\\Windows Kits\\10\\include\\10.0.19041.0\\shared;C:\\Program Files (x86)\\Windows Kits\\10\\include\\10.0.19041.0\\um;C:\\Program Files (x86)\\Windows Kits\\10\\include\\10.0.19041.0\\winrt;C:\\Program Files (x86)\\Windows Kits\\10\\include\\10.0.19041.0\\cppwinrt', 'NDI_RUNTIME_DIR_V5': 'C:\\Program Files\\NDI\\NDI 6 Runtime\\v6', 'NUMBER_OF_PROCESSORS': '16', 'VCINSTALLDIR': 'C:\\Program Files (x86)\\Microsoft Visual Studio\\2019\\Community\\VC\\', 'NDI_RUNTIME_DIR_V2': 'C:\\Program Files\\NDI\\NDI 6 Runtime\\v6', 'VisualStudioVersion': '16.0', 'ProgramFiles(x86)': 'C:\\Program Files (x86)', 'OpenCV_DIR': 'C:\\opt\\opencv\\build', 'ROS_AUTOMATIC_DISCOVERY_RANGE': 'SUBNET', 'ChocolateyInstall': 'C:\\ProgramData\\chocolatey', 'ProgramW6432': 'C:\\Program Files', 'PROCESSOR_LEVEL': '6', 'VSCMD_VER': '16.11.40', 'PKG_CONFIG_PATH': 'C:\\dev\\ros2_jazzy\\lib\\pkgconfig;', 'DriverData': 'C:\\Windows\\System32\\Drivers\\DriverData', 'WT_SESSION': '58bbc789-9c9b-4e9d-9736-dc2d6000e3a7', 'OPENSSL_CONF': 'C:\\Program Files\\OpenSSL-Win64\\bin\\openssl.cfg', 'PROMPT': '$P$G', '__VSCMD_script_err_count': '0', 'COMPUTERNAME': 'ZEPH-AREPO', 'FrameworkDir': 'C:\\Windows\\Microsoft.NET\\Framework64\\', 'VCToolsRedistDir': 'C:\\Program Files (x86)\\Microsoft Visual Studio\\2019\\Community\\VC\\Redist\\MSVC\\14.29.30133\\', 'CommonProgramFiles(x86)': 'C:\\Program Files (x86)\\Common Files', 'WindowsSdkBinPath': 'C:\\Program Files (x86)\\Windows Kits\\10\\bin\\', 'WindowsSdkDir': 'C:\\Program Files (x86)\\Windows Kits\\10\\', 'VCToolsInstallDir': 'C:\\Program Files (x86)\\Microsoft Visual Studio\\2019\\Community\\VC\\Tools\\MSVC\\14.29.30133\\', 'VS160COMNTOOLS': 'C:\\Program Files (x86)\\Microsoft Visual Studio\\2019\\Community\\Common7\\Tools\\', 'WT_PROFILE_ID': '{3d1beac4-db37-5a28-bab4-993c9803c6aa}', 'SESSIONNAME': 'Console', 'CMAKE_PREFIX_PATH': 'C:\\dev\\ros2_jazzy\\opt/yaml_cpp_vendor;C:\\dev\\ros2_jazzy\\opt/pybind11_vendor;C:\\dev\\ros2_jazzy\\opt/orocos_kdl_vendor;C:\\dev\\ros2_jazzy\\opt/gz_math_vendor;C:\\dev\\ros2_jazzy\\opt/gz_utils_vendor;C:\\dev\\ros2_jazzy\\opt/gz_cmake_vendor;C:\\dev\\ros2_jazzy\\opt/console_bridge_vendor;C:\\dev\\ros2_jazzy;', 'ROS_PYTHON_VERSION': '3', 'HOMEDRIVE': 'C:', 'PUBLIC': 'C:\\Users\\Public', 'FrameworkDir64': 'C:\\Windows\\Microsoft.NET\\Framework64\\', 'LIB': 'C:\\Program Files (x86)\\Microsoft Visual Studio\\2019\\Community\\VC\\Tools\\MSVC\\14.29.30133\\ATLMFC\\lib\\x64;C:\\Program Files (x86)\\Microsoft Visual Studio\\2019\\Community\\VC\\Tools\\MSVC\\14.29.30133\\lib\\x64;C:\\Program Files (x86)\\Windows Kits\\10\\lib\\10.0.19041.0\\ucrt\\x64;C:\\Program Files (x86)\\Windows Kits\\10\\lib\\10.0.19041.0\\um\\x64', 'WindowsLibPath': 'C:\\Program Files (x86)\\Windows Kits\\10\\UnionMetadata\\10.0.19041.0;C:\\Program Files (x86)\\Windows Kits\\10\\References\\10.0.19041.0', 'WindowsSdkVerBinPath': 'C:\\Program Files (x86)\\Windows Kits\\10\\bin\\10.0.19041.0\\', 'Qt5_DIR': 'C:\\Qt\\5.15.0\\msvc2019_64', 'VSCMD_ARG_HOST_ARCH': 'x64', 'windir': 'C:\\Windows', 'NDI_RUNTIME_DIR_V4': 'C:\\Program Files\\NDI\\NDI 6 Runtime\\v6', 'COLCON': '1', 'ROS_VERSION': '2', 'VSCMD_ARG_TGT_ARCH': 'x64', 'PROCESSOR_IDENTIFIER': 'Intel64 Family 6 Model 186 Stepping 2, GenuineIntel', 'APPDATA': 'C:\\Users\\nabet\\AppData\\Roaming', 'HOMEPATH': '\\Users\\nabet', 'Path': 'C:\\Program Files (x86)\\Microsoft Visual Studio\\2019\\Community\\VC\\Tools\\MSVC\\14.29.30133\\bin\\HostX64\\x64;C:\\Program Files (x86)\\Microsoft Visual Studio\\2019\\Community\\Common7\\IDE\\VC\\VCPackages;C:\\Program Files (x86)\\Microsoft Visual Studio\\2019\\Community\\Common7\\IDE\\CommonExtensions\\Microsoft\\TestWindow;C:\\Program Files (x86)\\Microsoft Visual Studio\\2019\\Community\\Common7\\IDE\\CommonExtensions\\Microsoft\\TeamFoundation\\Team Explorer;C:\\Program Files (x86)\\Microsoft Visual Studio\\2019\\Community\\MSBuild\\Current\\bin\\Roslyn;C:\\Program Files (x86)\\Microsoft Visual Studio\\2019\\Community\\Team Tools\\Performance Tools\\x64;C:\\Program Files (x86)\\Microsoft Visual Studio\\2019\\Community\\Team Tools\\Performance Tools;C:\\Program Files (x86)\\Microsoft Visual Studio\\Shared\\Common\\VSPerfCollectionTools\\vs2019\\\\x64;C:\\Program Files (x86)\\Microsoft Visual Studio\\Shared\\Common\\VSPerfCollectionTools\\vs2019\\;C:\\Program Files (x86)\\Microsoft Visual Studio\\2019\\Community\\Common7\\Tools\\devinit;C:\\Program Files (x86)\\Windows Kits\\10\\bin\\10.0.19041.0\\x64;C:\\Program Files (x86)\\Windows Kits\\10\\bin\\x64;C:\\Program Files (x86)\\Microsoft Visual Studio\\2019\\Community\\\\MSBuild\\Current\\Bin;C:\\Windows\\Microsoft.NET\\Framework64\\v4.0.30319;C:\\Program Files (x86)\\Microsoft Visual Studio\\2019\\Community\\Common7\\IDE\\;C:\\Program Files (x86)\\Microsoft Visual Studio\\2019\\Community\\Common7\\Tools\\;C:\\dev\\ros2_jazzy\\opt/zstd_vendor/lib;C:\\dev\\ros2_jazzy\\opt/zstd_vendor/bin;C:\\dev\\ros2_jazzy\\opt/yaml_cpp_vendor/lib;C:\\dev\\ros2_jazzy\\opt/yaml_cpp_vendor/bin;C:\\dev\\ros2_jazzy\\opt/uncrustify_vendor/bin;C:\\dev\\ros2_jazzy\\opt/sqlite3_vendor/lib;C:\\dev\\ros2_jazzy\\opt/sqlite3_vendor/bin;C:\\dev\\ros2_jazzy\\opt/spdlog_vendor/lib;C:\\dev\\ros2_jazzy\\opt/spdlog_vendor/bin;C:\\dev\\ros2_jazzy\\opt/rviz_ogre_vendor/lib;C:\\dev\\ros2_jazzy\\opt/rviz_ogre_vendor/bin;C:\\dev\\ros2_jazzy\\opt/rviz_assimp_vendor/lib;C:\\dev\\ros2_jazzy\\opt/rviz_assimp_vendor/bin;C:\\dev\\ros2_jazzy\\opt/orocos_kdl_vendor/lib;C:\\dev\\ros2_jazzy\\opt/mimick_vendor/lib;C:\\dev\\ros2_jazzy\\opt/libyaml_vendor/lib;C:\\dev\\ros2_jazzy\\opt/libyaml_vendor/bin;C:\\dev\\ros2_jazzy\\opt/liblz4_vendor/lib;C:\\dev\\ros2_jazzy\\opt/liblz4_vendor/bin;C:\\dev\\ros2_jazzy\\opt/libcurl_vendor/lib;C:\\dev\\ros2_jazzy\\opt/libcurl_vendor/bin;C:\\dev\\ros2_jazzy\\opt/gz_math_vendor/lib;C:\\dev\\ros2_jazzy\\opt/gz_math_vendor/bin;C:\\dev\\ros2_jazzy\\opt/gz_utils_vendor/lib;C:\\dev\\ros2_jazzy\\opt/gz_utils_vendor/bin;C:\\dev\\ros2_jazzy\\opt/gz_cmake_vendor/lib;C:\\dev\\ros2_jazzy\\opt/gz_cmake_vendor/bin;C:\\dev\\ros2_jazzy\\opt/console_bridge_vendor/lib;C:\\dev\\ros2_jazzy\\opt/console_bridge_vendor/bin;C:\\dev\\ros2_jazzy\\Scripts;C:\\dev\\ros2_jazzy\\bin;C:\\Python38\\Scripts\\;C:\\Python38\\;C:\\Program Files\\Common Files\\Oracle\\Java\\javapath;C:\\Program Files\\Microsoft\\jdk-17.0.12.7-hotspot\\bin;C:\\Python312\\Scripts\\;C:\\Python312\\;C:\\Windows\\system32;C:\\Windows;C:\\Windows\\System32\\Wbem;C:\\Windows\\System32\\WindowsPowerShell\\v1.0\\;C:\\Windows\\System32\\OpenSSH\\;C:\\Program Files (x86)\\NVIDIA Corporation\\PhysX\\Common;C:\\Program Files\\NVIDIA Corporation\\NVIDIA NvDLISR;C:\\Program Files\\Git\\cmd;C:\\Program Files\\nodejs\\;C:\\ProgramData\\chocolatey\\bin;C:\\Program Files\\GitHub CLI\\;C:\\Program Files\\MATLAB\\R2024b\\bin;;C:\\ProgramData\\chocolatey\\lib\\cunit\\lib;C:\\ProgramData\\chocolatey\\lib\\tinyxml2\\lib;C:\\ProgramData\\chocolatey\\lib\\bullet\\lib;C:\\Python38\\python.exe;C:\\Users\\nabet\\anaconda3;C:\\Users\\nabet\\anaconda3\\Library\\mingw-w64\\bin;C:\\Users\\nabet\\anaconda3\\Library\\usr\\bin;C:\\Users\\nabet\\anaconda3\\Library\\bin;C:\\Users\\nabet\\anaconda3\\Scripts;C:\\Users\\nabet\\AppData\\Local\\Microsoft\\WindowsApps;C:\\Users\\nabet\\AppData\\Local\\Programs\\Microsoft VS Code\\bin;C:\\Users\\nabet\\AppData\\Local\\spicetify;C:\\Users\\nabet\\AppData\\Roaming\\npm;C:\\mingw64\\bin;C:\\Users\\nabet\\Documents\\ffmpeg-7.0.2-full_build\\bin;C:\\Program Files\\OpenSSL-Win64\\bin;C:\\opencv\\x64\\vc16\\bin;C:\\Program Files\\CMake\\bin;C:\\xmllint\\bin;C:\\Program Files\\Graphviz\\bin;C:\\opt\\opencv\\build\\x64\\vc16\\bin;C:\\opt\\opencv\\build\\x64\\vc16\\lib', 'NDI_RUNTIME_DIR_V3': 'C:\\Program Files\\NDI\\NDI 6 Runtime\\v6', 'SystemDrive': 'C:', 'LOGONSERVER': '\\\\ZEPH-AREPO', 'PATHEXT': '.COM;.EXE;.BAT;.CMD;.VBS;.VBE;.JS;.JSE;.WSF;.WSH;.MSC;.PY;.PYW;.CPL', 'CommandPromptType': 'Native', 'LOCALAPPDATA': 'C:\\Users\\nabet\\AppData\\Local', 'FrameworkVersion': 'v4.0.30319', 'ZES_ENABLE_SYSMAN': '1', 'PYTHONPATH': 'C:\\ci\\ws\\install\\lib\\python3.8\\dist-packages;C:\\dev\\ros2_jazzy\\Lib\\site-packages;', 'WSLENV': 'WT_SESSION:WT_PROFILE_ID:', 'JAVA_HOME': 'C:\\Program Files\\Microsoft\\jdk-17.0.12.7-hotspot\\', 'UCRTVersion': '10.0.19041.0', 'FrameworkVersion64': 'v4.0.30319', 'OneDrive': 'C:\\Users\\nabet\\OneDrive', 'USERNAME': 'nabet', 'VSINSTALLDIR': 'C:\\Program Files (x86)\\Microsoft Visual Studio\\2019\\Community\\', 'UniversalCRTSdkDir': 'C:\\Program Files (x86)\\Windows Kits\\10\\', 'ProgramFiles': 'C:\\Program Files', 'ChocolateyLastPathUpdate': '133713311956299981', 'NDI_RUNTIME_DIR_V6': 'C:\\Program Files\\NDI\\NDI 6 Runtime\\v6', 'PROCESSOR_REVISION': 'ba02', 'VSCMD_ARG_app_plat': 'Desktop', 'FPS_BROWSER_APP_PROFILE_STRING': 'Internet Explorer', 'ROS_DISTRO': 'jazzy', 'USERPROFILE': 'C:\\Users\\nabet', 'CommonProgramW6432': 'C:\\Program Files\\Common Files', 'TEMP': 'C:\\Users\\nabet\\AppData\\Local\\Temp', 'ALLUSERSPROFILE': 'C:\\ProgramData', 'DevEnvDir': 'C:\\Program Files (x86)\\Microsoft Visual Studio\\2019\\Community\\Common7\\IDE\\', '__DOTNET_ADD_64BIT': '1', 'CommonProgramFiles': 'C:\\Program Files\\Common Files', 'PROCESSOR_ARCHITECTURE': 'AMD64', '__DOTNET_PREFERRED_BITNESS': '64', 'USERDOMAIN_ROAMINGPROFILE': 'ZEPH-AREPO', 'WindowsSDKLibVersion': '10.0.19041.0\\', 'SystemRoot': 'C:\\Windows', 'LIBPATH': 'C:\\Program Files (x86)\\Microsoft Visual Studio\\2019\\Community\\VC\\Tools\\MSVC\\14.29.30133\\ATLMFC\\lib\\x64;C:\\Program Files (x86)\\Microsoft Visual Studio\\2019\\Community\\VC\\Tools\\MSVC\\14.29.30133\\lib\\x64;C:\\Program Files (x86)\\Microsoft Visual Studio\\2019\\Community\\VC\\Tools\\MSVC\\14.29.30133\\lib\\x86\\store\\references;C:\\Program Files (x86)\\Windows Kits\\10\\UnionMetadata\\10.0.19041.0;C:\\Program Files (x86)\\Windows Kits\\10\\References\\10.0.19041.0;C:\\Windows\\Microsoft.NET\\Framework64\\v4.0.30319', 'QT_QPA_PLATFORM_PLUGIN_PATH': 'C:\\Qt\\5.15.0\\msvc2019_64\\plugins\\platforms', 'RlsSvcPort': '22112', 'CL': '/MP'}, 'shell': False}
[0.453000] (-) TimerEvent: {}
[0.563000] (-) TimerEvent: {}
[0.625000] (ROTAS_pkg) StdoutLine: {'line': b'Microsoft (R) Build Engine version 16.11.2+f32259642 for .NET Framework\r\n'}
[0.625000] (ROTAS_pkg) StdoutLine: {'line': b'Copyright (C) Microsoft Corporation. All rights reserved.\r\n'}
[0.625000] (ROTAS_pkg) StdoutLine: {'line': b'\r\n'}
[0.672000] (-) TimerEvent: {}
[0.781000] (-) TimerEvent: {}
[0.891000] (-) TimerEvent: {}
[1.000000] (-) TimerEvent: {}
[1.109000] (-) TimerEvent: {}
[1.250000] (-) TimerEvent: {}
[1.250000] (ROTAS_pkg) StdoutLine: {'line': b'  1>Checking Build System\r\n'}
[1.375000] (-) TimerEvent: {}
[1.484000] (-) TimerEvent: {}
[1.563000] (ROTAS_pkg) StdoutLine: {'line': b'  Building Custom Rule C:/Users/nabet/Desktop/GUI/ROTAS-ROS2/src/ROTAS_pkg/CMakeLists.txt\r\n'}
[1.594000] (-) TimerEvent: {}
[1.703000] (-) TimerEvent: {}
[1.797000] (ROTAS_pkg) StdoutLine: {'line': b'  ros2_relay.cpp\r\n'}
[1.813000] (-) TimerEvent: {}
[1.922000] (-) TimerEvent: {}
[2.031000] (-) TimerEvent: {}
[2.141000] (-) TimerEvent: {}
[2.250000] (-) TimerEvent: {}
[2.359000] (-) TimerEvent: {}
[2.469000] (-) TimerEvent: {}
[2.578000] (-) TimerEvent: {}
[2.688000] (-) TimerEvent: {}
[2.797000] (-) TimerEvent: {}
[2.906000] (-) TimerEvent: {}
[3.016000] (-) TimerEvent: {}
[3.125000] (-) TimerEvent: {}
[3.234000] (-) TimerEvent: {}
[3.344000] (-) TimerEvent: {}
[3.453000] (-) TimerEvent: {}
[3.578000] (-) TimerEvent: {}
[3.688000] (-) TimerEvent: {}
[3.813000] (-) TimerEvent: {}
[3.922000] (-) TimerEvent: {}
[4.031000] (-) TimerEvent: {}
[4.141000] (-) TimerEvent: {}
[4.250000] (-) TimerEvent: {}
[4.359000] (-) TimerEvent: {}
[4.484000] (-) TimerEvent: {}
[4.594000] (-) TimerEvent: {}
[4.703000] (-) TimerEvent: {}
[4.813000] (-) TimerEvent: {}
[4.938000] (-) TimerEvent: {}
[5.047000] (-) TimerEvent: {}
[5.156000] (-) TimerEvent: {}
[5.266000] (-) TimerEvent: {}
[5.375000] (-) TimerEvent: {}
[5.500000] (-) TimerEvent: {}
[5.656000] (-) TimerEvent: {}
[5.797000] (-) TimerEvent: {}
[5.906000] (-) TimerEvent: {}
[6.016000] (-) TimerEvent: {}
[6.125000] (-) TimerEvent: {}
[6.234000] (-) TimerEvent: {}
[6.344000] (-) TimerEvent: {}
[6.453000] (-) TimerEvent: {}
[6.578000] (-) TimerEvent: {}
[6.688000] (-) TimerEvent: {}
[6.797000] (-) TimerEvent: {}
[6.906000] (-) TimerEvent: {}
[7.016000] (-) TimerEvent: {}
[7.125000] (-) TimerEvent: {}
[7.234000] (-) TimerEvent: {}
[7.359000] (-) TimerEvent: {}
[7.500000] (-) TimerEvent: {}
[7.609000] (-) TimerEvent: {}
[7.719000] (-) TimerEvent: {}
[7.828000] (-) TimerEvent: {}
[7.938000] (-) TimerEvent: {}
[8.063000] (-) TimerEvent: {}
[8.172000] (-) TimerEvent: {}
[8.297000] (-) TimerEvent: {}
[8.406000] (-) TimerEvent: {}
[8.516000] (-) TimerEvent: {}
[8.625000] (-) TimerEvent: {}
[8.734000] (-) TimerEvent: {}
[8.844000] (-) TimerEvent: {}
[8.984000] (-) TimerEvent: {}
[9.156000] (-) TimerEvent: {}
[9.281000] (-) TimerEvent: {}
[9.391000] (-) TimerEvent: {}
[9.500000] (-) TimerEvent: {}
[9.609000] (-) TimerEvent: {}
[9.719000] (-) TimerEvent: {}
[9.828000] (-) TimerEvent: {}
[9.953000] (-) TimerEvent: {}
[10.063000] (-) TimerEvent: {}
[10.172000] (-) TimerEvent: {}
[10.281000] (-) TimerEvent: {}
[10.406000] (-) TimerEvent: {}
[10.516000] (-) TimerEvent: {}
[10.625000] (-) TimerEvent: {}
[10.734000] (-) TimerEvent: {}
[10.844000] (-) TimerEvent: {}
[10.953000] (-) TimerEvent: {}
[11.078000] (-) TimerEvent: {}
[11.188000] (-) TimerEvent: {}
[11.297000] (-) TimerEvent: {}
[11.406000] (-) TimerEvent: {}
[11.500000] (ROTAS_pkg) StdoutLine: {'line': b'  relay.vcxproj -> C:\\Users\\nabet\\Desktop\\GUI\\ROTAS-ROS2\\build\\ROTAS_pkg\\Release\\relay.exe\r\n'}
[11.531000] (-) TimerEvent: {}
[11.656000] (-) TimerEvent: {}
[11.781000] (-) TimerEvent: {}
[11.813000] (ROTAS_pkg) StdoutLine: {'line': b'  Building Custom Rule C:/Users/nabet/Desktop/GUI/ROTAS-ROS2/src/ROTAS_pkg/CMakeLists.txt\r\n'}
[11.891000] (-) TimerEvent: {}
[12.000000] (-) TimerEvent: {}
[12.016000] (ROTAS_pkg) StdoutLine: {'line': b'  ros2_talker.cpp\r\n'}
[12.109000] (-) TimerEvent: {}
[12.219000] (-) TimerEvent: {}
[12.328000] (-) TimerEvent: {}
[12.438000] (-) TimerEvent: {}
[12.547000] (-) TimerEvent: {}
[12.672000] (-) TimerEvent: {}
[12.781000] (-) TimerEvent: {}
[12.891000] (-) TimerEvent: {}
[13.000000] (-) TimerEvent: {}
[13.109000] (-) TimerEvent: {}
[13.219000] (-) TimerEvent: {}
[13.328000] (-) TimerEvent: {}
[13.438000] (-) TimerEvent: {}
[13.547000] (-) TimerEvent: {}
[13.656000] (-) TimerEvent: {}
[13.766000] (-) TimerEvent: {}
[13.875000] (-) TimerEvent: {}
[13.984000] (-) TimerEvent: {}
[14.094000] (-) TimerEvent: {}
[14.219000] (-) TimerEvent: {}
[14.328000] (-) TimerEvent: {}
[14.359000] (ROTAS_pkg) StdoutLine: {'line': b"C:\\Users\\nabet\\Desktop\\GUI\\ROTAS-ROS2\\src\\ROTAS_pkg\\src\\ros2_talker.cpp(23,1): warning C4305: '+=': truncation from 'double' to 'float' [C:\\Users\\nabet\\Desktop\\GUI\\ROTAS-ROS2\\build\\ROTAS_pkg\\talker.vcxproj]\r\n"}
[14.438000] (-) TimerEvent: {}
[14.547000] (-) TimerEvent: {}
[14.656000] (-) TimerEvent: {}
[14.766000] (-) TimerEvent: {}
[14.875000] (-) TimerEvent: {}
[14.984000] (-) TimerEvent: {}
[15.109000] (-) TimerEvent: {}
[15.219000] (-) TimerEvent: {}
[15.328000] (-) TimerEvent: {}
[15.438000] (-) TimerEvent: {}
[15.547000] (-) TimerEvent: {}
[15.656000] (-) TimerEvent: {}
[15.766000] (-) TimerEvent: {}
[15.875000] (-) TimerEvent: {}
[15.984000] (-) TimerEvent: {}
[16.094000] (-) TimerEvent: {}
[16.219000] (-) TimerEvent: {}
[16.328000] (-) TimerEvent: {}
[16.438000] (-) TimerEvent: {}
[16.547000] (-) TimerEvent: {}
[16.656000] (-) TimerEvent: {}
[16.766000] (-) TimerEvent: {}
[16.891000] (-) TimerEvent: {}
[17.016000] (-) TimerEvent: {}
[17.125000] (-) TimerEvent: {}
[17.234000] (-) TimerEvent: {}
[17.344000] (-) TimerEvent: {}
[17.453000] (-) TimerEvent: {}
[17.563000] (-) TimerEvent: {}
[17.672000] (-) TimerEvent: {}
[17.891000] (-) TimerEvent: {}
[18.000000] (-) TimerEvent: {}
[18.109000] (-) TimerEvent: {}
[18.234000] (-) TimerEvent: {}
[18.344000] (-) TimerEvent: {}
[18.469000] (-) TimerEvent: {}
[18.578000] (-) TimerEvent: {}
[18.688000] (-) TimerEvent: {}
[18.797000] (ROTAS_pkg) StdoutLine: {'line': b'  talker.vcxproj -> C:\\Users\\nabet\\Desktop\\GUI\\ROTAS-ROS2\\build\\ROTAS_pkg\\Release\\talker.exe\r\n'}
[18.797000] (-) TimerEvent: {}
[18.891000] (ROTAS_pkg) StdoutLine: {'line': b'  Building Custom Rule C:/Users/nabet/Desktop/GUI/ROTAS-ROS2/src/ROTAS_pkg/CMakeLists.txt\r\n'}
[18.922000] (-) TimerEvent: {}
[19.016000] (ROTAS_pkg) CommandEnded: {'returncode': 0}
[19.031000] (-) TimerEvent: {}
[19.031000] (ROTAS_pkg) JobProgress: {'identifier': 'ROTAS_pkg', 'progress': 'install'}
[19.063000] (ROTAS_pkg) Command: {'cmd': ['C:\\Program Files\\CMake\\bin\\cmake.EXE', '--install', 'C:\\Users\\nabet\\Desktop\\GUI\\ROTAS-ROS2\\build\\ROTAS_pkg', '--config', 'Release'], 'cwd': 'C:\\Users\\nabet\\Desktop\\GUI\\ROTAS-ROS2\\build\\ROTAS_pkg', 'env': OrderedDict([('OS', 'Windows_NT'), ('TMP', 'C:\\Users\\nabet\\AppData\\Local\\Temp'), ('PSModulePath', 'C:\\Users\\nabet\\Documents\\WindowsPowerShell\\Modules;C:\\Program Files\\WindowsPowerShell\\Modules;C:\\Windows\\system32\\WindowsPowerShell\\v1.0\\Modules'), ('ExtensionSdkDir', 'C:\\Program Files (x86)\\Microsoft SDKs\\Windows Kits\\10\\ExtensionSDKs'), ('__devinit_path', 'C:\\Program Files (x86)\\Microsoft Visual Studio\\2019\\Community\\Common7\\Tools\\devinit\\devinit.exe'), ('ROS_DOMAIN_ID', '100'), ('AMENT_PREFIX_PATH', 'C:\\dev\\ros2_jazzy;'), ('ACSvcPort', '17532'), ('IGCCSVC_DB', 'AQAAANCMnd8BFdERjHoAwE/Cl+sBAAAA3oBnLk9kMEuSRy0X16Z/vQQAAAACAAAAAAAQZgAAAAEAACAAAADm8C9FruYbjsFsl3S+7Grb03DyHmefgt9oEGStD+prYwAAAAAOgAAAAAIAACAAAACRN40bI5+ND+in46uACquN3UwXimUVztp1NOlesir2i2AAAACpdC/BBCfZNxa1QIGxPpDDXGzmIIlaOeFU2BY88WLLZv442I0T1jRmkXz1MEU7YBVO6UnVDJg7zgkTv25cLOpIcTTZdJunTof9ZiuvXRA6C3ZUVD0QLEUsFFjEfFOo2JVAAAAAOS0rwbnoZjBpcFS36Ew87ZI4437PxuuyrkDHUo4zN1YBSmG1p4fZf3l9VcyvmJS8ywAxSVnK1ixCTZFNVEKsqw=='), ('ProgramData', 'C:\\ProgramData'), ('VCIDEInstallDir', 'C:\\Program Files (x86)\\Microsoft Visual Studio\\2019\\Community\\Common7\\IDE\\VC\\'), ('Framework40Version', 'v4.0'), ('FPS_BROWSER_USER_PROFILE_STRING', 'Default'), ('WindowsSDKVersion', '10.0.19041.0\\'), ('__VSCMD_PREINIT_PATH', 'C:\\dev\\ros2_jazzy\\opt/zstd_vendor/lib;C:\\dev\\ros2_jazzy\\opt/zstd_vendor/bin;C:\\dev\\ros2_jazzy\\opt/yaml_cpp_vendor/lib;C:\\dev\\ros2_jazzy\\opt/yaml_cpp_vendor/bin;C:\\dev\\ros2_jazzy\\opt/uncrustify_vendor/bin;C:\\dev\\ros2_jazzy\\opt/sqlite3_vendor/lib;C:\\dev\\ros2_jazzy\\opt/sqlite3_vendor/bin;C:\\dev\\ros2_jazzy\\opt/spdlog_vendor/lib;C:\\dev\\ros2_jazzy\\opt/spdlog_vendor/bin;C:\\dev\\ros2_jazzy\\opt/rviz_ogre_vendor/lib;C:\\dev\\ros2_jazzy\\opt/rviz_ogre_vendor/bin;C:\\dev\\ros2_jazzy\\opt/rviz_assimp_vendor/lib;C:\\dev\\ros2_jazzy\\opt/rviz_assimp_vendor/bin;C:\\dev\\ros2_jazzy\\opt/orocos_kdl_vendor/lib;C:\\dev\\ros2_jazzy\\opt/mimick_vendor/lib;C:\\dev\\ros2_jazzy\\opt/libyaml_vendor/lib;C:\\dev\\ros2_jazzy\\opt/libyaml_vendor/bin;C:\\dev\\ros2_jazzy\\opt/liblz4_vendor/lib;C:\\dev\\ros2_jazzy\\opt/liblz4_vendor/bin;C:\\dev\\ros2_jazzy\\opt/libcurl_vendor/lib;C:\\dev\\ros2_jazzy\\opt/libcurl_vendor/bin;C:\\dev\\ros2_jazzy\\opt/gz_math_vendor/lib;C:\\dev\\ros2_jazzy\\opt/gz_math_vendor/bin;C:\\dev\\ros2_jazzy\\opt/gz_utils_vendor/lib;C:\\dev\\ros2_jazzy\\opt/gz_utils_vendor/bin;C:\\dev\\ros2_jazzy\\opt/gz_cmake_vendor/lib;C:\\dev\\ros2_jazzy\\opt/gz_cmake_vendor/bin;C:\\dev\\ros2_jazzy\\opt/console_bridge_vendor/lib;C:\\dev\\ros2_jazzy\\opt/console_bridge_vendor/bin;C:\\dev\\ros2_jazzy\\Scripts;C:\\dev\\ros2_jazzy\\bin;C:\\Python38\\Scripts\\;C:\\Python38\\;C:\\Program Files\\Common Files\\Oracle\\Java\\javapath;C:\\Program Files\\Microsoft\\jdk-17.0.12.7-hotspot\\bin;C:\\Python312\\Scripts\\;C:\\Python312\\;C:\\Windows\\system32;C:\\Windows;C:\\Windows\\System32\\Wbem;C:\\Windows\\System32\\WindowsPowerShell\\v1.0\\;C:\\Windows\\System32\\OpenSSH\\;C:\\Program Files (x86)\\NVIDIA Corporation\\PhysX\\Common;C:\\Program Files\\NVIDIA Corporation\\NVIDIA NvDLISR;C:\\Program Files\\Git\\cmd;C:\\Program Files\\nodejs\\;C:\\ProgramData\\chocolatey\\bin;C:\\Program Files\\GitHub CLI\\;C:\\Program Files\\MATLAB\\R2024b\\bin;;C:\\ProgramData\\chocolatey\\lib\\cunit\\lib;C:\\ProgramData\\chocolatey\\lib\\tinyxml2\\lib;C:\\ProgramData\\chocolatey\\lib\\bullet\\lib;C:\\Python38\\python.exe;C:\\Users\\nabet\\anaconda3;C:\\Users\\nabet\\anaconda3\\Library\\mingw-w64\\bin;C:\\Users\\nabet\\anaconda3\\Library\\usr\\bin;C:\\Users\\nabet\\anaconda3\\Library\\bin;C:\\Users\\nabet\\anaconda3\\Scripts;C:\\Users\\nabet\\AppData\\Local\\Microsoft\\WindowsApps;C:\\Users\\nabet\\AppData\\Local\\Programs\\Microsoft VS Code\\bin;C:\\Users\\nabet\\AppData\\Local\\spicetify;C:\\Users\\nabet\\AppData\\Roaming\\npm;C:\\mingw64\\bin;C:\\Users\\nabet\\Documents\\ffmpeg-7.0.2-full_build\\bin;C:\\Program Files\\OpenSSL-Win64\\bin;C:\\opencv\\x64\\vc16\\bin;C:\\Program Files\\CMake\\bin;C:\\xmllint\\bin;C:\\Program Files\\Graphviz\\bin;C:\\opt\\opencv\\build\\x64\\vc16\\bin;C:\\opt\\opencv\\build\\x64\\vc16\\lib;'), ('USERDOMAIN', 'ZEPH-AREPO'), ('ComSpec', 'C:\\Windows\\system32\\cmd.exe'), ('VCToolsVersion', '14.29.30133'), ('INCLUDE', 'C:\\Program Files (x86)\\Microsoft Visual Studio\\2019\\Community\\VC\\Tools\\MSVC\\14.29.30133\\ATLMFC\\include;C:\\Program Files (x86)\\Microsoft Visual Studio\\2019\\Community\\VC\\Tools\\MSVC\\14.29.30133\\include;C:\\Program Files (x86)\\Windows Kits\\10\\include\\10.0.19041.0\\ucrt;C:\\Program Files (x86)\\Windows Kits\\10\\include\\10.0.19041.0\\shared;C:\\Program Files (x86)\\Windows Kits\\10\\include\\10.0.19041.0\\um;C:\\Program Files (x86)\\Windows Kits\\10\\include\\10.0.19041.0\\winrt;C:\\Program Files (x86)\\Windows Kits\\10\\include\\10.0.19041.0\\cppwinrt'), ('NDI_RUNTIME_DIR_V5', 'C:\\Program Files\\NDI\\NDI 6 Runtime\\v6'), ('NUMBER_OF_PROCESSORS', '16'), ('VCINSTALLDIR', 'C:\\Program Files (x86)\\Microsoft Visual Studio\\2019\\Community\\VC\\'), ('NDI_RUNTIME_DIR_V2', 'C:\\Program Files\\NDI\\NDI 6 Runtime\\v6'), ('VisualStudioVersion', '16.0'), ('ProgramFiles(x86)', 'C:\\Program Files (x86)'), ('OpenCV_DIR', 'C:\\opt\\opencv\\build'), ('ROS_AUTOMATIC_DISCOVERY_RANGE', 'SUBNET'), ('ChocolateyInstall', 'C:\\ProgramData\\chocolatey'), ('ProgramW6432', 'C:\\Program Files'), ('PROCESSOR_LEVEL', '6'), ('VSCMD_VER', '16.11.40'), ('PKG_CONFIG_PATH', 'C:\\dev\\ros2_jazzy\\lib\\pkgconfig;'), ('DriverData', 'C:\\Windows\\System32\\Drivers\\DriverData'), ('WT_SESSION', '58bbc789-9c9b-4e9d-9736-dc2d6000e3a7'), ('OPENSSL_CONF', 'C:\\Program Files\\OpenSSL-Win64\\bin\\openssl.cfg'), ('PROMPT', '$P$G'), ('__VSCMD_script_err_count', '0'), ('COMPUTERNAME', 'ZEPH-AREPO'), ('FrameworkDir', 'C:\\Windows\\Microsoft.NET\\Framework64\\'), ('VCToolsRedistDir', 'C:\\Program Files (x86)\\Microsoft Visual Studio\\2019\\Community\\VC\\Redist\\MSVC\\14.29.30133\\'), ('CommonProgramFiles(x86)', 'C:\\Program Files (x86)\\Common Files'), ('WindowsSdkBinPath', 'C:\\Program Files (x86)\\Windows Kits\\10\\bin\\'), ('WindowsSdkDir', 'C:\\Program Files (x86)\\Windows Kits\\10\\'), ('VCToolsInstallDir', 'C:\\Program Files (x86)\\Microsoft Visual Studio\\2019\\Community\\VC\\Tools\\MSVC\\14.29.30133\\'), ('VS160COMNTOOLS', 'C:\\Program Files (x86)\\Microsoft Visual Studio\\2019\\Community\\Common7\\Tools\\'), ('WT_PROFILE_ID', '{3d1beac4-db37-5a28-bab4-993c9803c6aa}'), ('SESSIONNAME', 'Console'), ('CMAKE_PREFIX_PATH', 'C:\\dev\\ros2_jazzy\\opt/yaml_cpp_vendor;C:\\dev\\ros2_jazzy\\opt/pybind11_vendor;C:\\dev\\ros2_jazzy\\opt/orocos_kdl_vendor;C:\\dev\\ros2_jazzy\\opt/gz_math_vendor;C:\\dev\\ros2_jazzy\\opt/gz_utils_vendor;C:\\dev\\ros2_jazzy\\opt/gz_cmake_vendor;C:\\dev\\ros2_jazzy\\opt/console_bridge_vendor;C:\\dev\\ros2_jazzy;'), ('ROS_PYTHON_VERSION', '3'), ('HOMEDRIVE', 'C:'), ('PUBLIC', 'C:\\Users\\Public'), ('FrameworkDir64', 'C:\\Windows\\Microsoft.NET\\Framework64\\'), ('LIB', 'C:\\Program Files (x86)\\Microsoft Visual Studio\\2019\\Community\\VC\\Tools\\MSVC\\14.29.30133\\ATLMFC\\lib\\x64;C:\\Program Files (x86)\\Microsoft Visual Studio\\2019\\Community\\VC\\Tools\\MSVC\\14.29.30133\\lib\\x64;C:\\Program Files (x86)\\Windows Kits\\10\\lib\\10.0.19041.0\\ucrt\\x64;C:\\Program Files (x86)\\Windows Kits\\10\\lib\\10.0.19041.0\\um\\x64'), ('WindowsLibPath', 'C:\\Program Files (x86)\\Windows Kits\\10\\UnionMetadata\\10.0.19041.0;C:\\Program Files (x86)\\Windows Kits\\10\\References\\10.0.19041.0'), ('WindowsSdkVerBinPath', 'C:\\Program Files (x86)\\Windows Kits\\10\\bin\\10.0.19041.0\\'), ('Qt5_DIR', 'C:\\Qt\\5.15.0\\msvc2019_64'), ('VSCMD_ARG_HOST_ARCH', 'x64'), ('windir', 'C:\\Windows'), ('NDI_RUNTIME_DIR_V4', 'C:\\Program Files\\NDI\\NDI 6 Runtime\\v6'), ('COLCON', '1'), ('ROS_VERSION', '2'), ('VSCMD_ARG_TGT_ARCH', 'x64'), ('PROCESSOR_IDENTIFIER', 'Intel64 Family 6 Model 186 Stepping 2, GenuineIntel'), ('APPDATA', 'C:\\Users\\nabet\\AppData\\Roaming'), ('HOMEPATH', '\\Users\\nabet'), ('Path', 'C:\\Program Files (x86)\\Microsoft Visual Studio\\2019\\Community\\VC\\Tools\\MSVC\\14.29.30133\\bin\\HostX64\\x64;C:\\Program Files (x86)\\Microsoft Visual Studio\\2019\\Community\\Common7\\IDE\\VC\\VCPackages;C:\\Program Files (x86)\\Microsoft Visual Studio\\2019\\Community\\Common7\\IDE\\CommonExtensions\\Microsoft\\TestWindow;C:\\Program Files (x86)\\Microsoft Visual Studio\\2019\\Community\\Common7\\IDE\\CommonExtensions\\Microsoft\\TeamFoundation\\Team Explorer;C:\\Program Files (x86)\\Microsoft Visual Studio\\2019\\Community\\MSBuild\\Current\\bin\\Roslyn;C:\\Program Files (x86)\\Microsoft Visual Studio\\2019\\Community\\Team Tools\\Performance Tools\\x64;C:\\Program Files (x86)\\Microsoft Visual Studio\\2019\\Community\\Team Tools\\Performance Tools;C:\\Program Files (x86)\\Microsoft Visual Studio\\Shared\\Common\\VSPerfCollectionTools\\vs2019\\\\x64;C:\\Program Files (x86)\\Microsoft Visual Studio\\Shared\\Common\\VSPerfCollectionTools\\vs2019\\;C:\\Program Files (x86)\\Microsoft Visual Studio\\2019\\Community\\Common7\\Tools\\devinit;C:\\Program Files (x86)\\Windows Kits\\10\\bin\\10.0.19041.0\\x64;C:\\Program Files (x86)\\Windows Kits\\10\\bin\\x64;C:\\Program Files (x86)\\Microsoft Visual Studio\\2019\\Community\\\\MSBuild\\Current\\Bin;C:\\Windows\\Microsoft.NET\\Framework64\\v4.0.30319;C:\\Program Files (x86)\\Microsoft Visual Studio\\2019\\Community\\Common7\\IDE\\;C:\\Program Files (x86)\\Microsoft Visual Studio\\2019\\Community\\Common7\\Tools\\;C:\\dev\\ros2_jazzy\\opt/zstd_vendor/lib;C:\\dev\\ros2_jazzy\\opt/zstd_vendor/bin;C:\\dev\\ros2_jazzy\\opt/yaml_cpp_vendor/lib;C:\\dev\\ros2_jazzy\\opt/yaml_cpp_vendor/bin;C:\\dev\\ros2_jazzy\\opt/uncrustify_vendor/bin;C:\\dev\\ros2_jazzy\\opt/sqlite3_vendor/lib;C:\\dev\\ros2_jazzy\\opt/sqlite3_vendor/bin;C:\\dev\\ros2_jazzy\\opt/spdlog_vendor/lib;C:\\dev\\ros2_jazzy\\opt/spdlog_vendor/bin;C:\\dev\\ros2_jazzy\\opt/rviz_ogre_vendor/lib;C:\\dev\\ros2_jazzy\\opt/rviz_ogre_vendor/bin;C:\\dev\\ros2_jazzy\\opt/rviz_assimp_vendor/lib;C:\\dev\\ros2_jazzy\\opt/rviz_assimp_vendor/bin;C:\\dev\\ros2_jazzy\\opt/orocos_kdl_vendor/lib;C:\\dev\\ros2_jazzy\\opt/mimick_vendor/lib;C:\\dev\\ros2_jazzy\\opt/libyaml_vendor/lib;C:\\dev\\ros2_jazzy\\opt/libyaml_vendor/bin;C:\\dev\\ros2_jazzy\\opt/liblz4_vendor/lib;C:\\dev\\ros2_jazzy\\opt/liblz4_vendor/bin;C:\\dev\\ros2_jazzy\\opt/libcurl_vendor/lib;C:\\dev\\ros2_jazzy\\opt/libcurl_vendor/bin;C:\\dev\\ros2_jazzy\\opt/gz_math_vendor/lib;C:\\dev\\ros2_jazzy\\opt/gz_math_vendor/bin;C:\\dev\\ros2_jazzy\\opt/gz_utils_vendor/lib;C:\\dev\\ros2_jazzy\\opt/gz_utils_vendor/bin;C:\\dev\\ros2_jazzy\\opt/gz_cmake_vendor/lib;C:\\dev\\ros2_jazzy\\opt/gz_cmake_vendor/bin;C:\\dev\\ros2_jazzy\\opt/console_bridge_vendor/lib;C:\\dev\\ros2_jazzy\\opt/console_bridge_vendor/bin;C:\\dev\\ros2_jazzy\\Scripts;C:\\dev\\ros2_jazzy\\bin;C:\\Python38\\Scripts\\;C:\\Python38\\;C:\\Program Files\\Common Files\\Oracle\\Java\\javapath;C:\\Program Files\\Microsoft\\jdk-17.0.12.7-hotspot\\bin;C:\\Python312\\Scripts\\;C:\\Python312\\;C:\\Windows\\system32;C:\\Windows;C:\\Windows\\System32\\Wbem;C:\\Windows\\System32\\WindowsPowerShell\\v1.0\\;C:\\Windows\\System32\\OpenSSH\\;C:\\Program Files (x86)\\NVIDIA Corporation\\PhysX\\Common;C:\\Program Files\\NVIDIA Corporation\\NVIDIA NvDLISR;C:\\Program Files\\Git\\cmd;C:\\Program Files\\nodejs\\;C:\\ProgramData\\chocolatey\\bin;C:\\Program Files\\GitHub CLI\\;C:\\Program Files\\MATLAB\\R2024b\\bin;;C:\\ProgramData\\chocolatey\\lib\\cunit\\lib;C:\\ProgramData\\chocolatey\\lib\\tinyxml2\\lib;C:\\ProgramData\\chocolatey\\lib\\bullet\\lib;C:\\Python38\\python.exe;C:\\Users\\nabet\\anaconda3;C:\\Users\\nabet\\anaconda3\\Library\\mingw-w64\\bin;C:\\Users\\nabet\\anaconda3\\Library\\usr\\bin;C:\\Users\\nabet\\anaconda3\\Library\\bin;C:\\Users\\nabet\\anaconda3\\Scripts;C:\\Users\\nabet\\AppData\\Local\\Microsoft\\WindowsApps;C:\\Users\\nabet\\AppData\\Local\\Programs\\Microsoft VS Code\\bin;C:\\Users\\nabet\\AppData\\Local\\spicetify;C:\\Users\\nabet\\AppData\\Roaming\\npm;C:\\mingw64\\bin;C:\\Users\\nabet\\Documents\\ffmpeg-7.0.2-full_build\\bin;C:\\Program Files\\OpenSSL-Win64\\bin;C:\\opencv\\x64\\vc16\\bin;C:\\Program Files\\CMake\\bin;C:\\xmllint\\bin;C:\\Program Files\\Graphviz\\bin;C:\\opt\\opencv\\build\\x64\\vc16\\bin;C:\\opt\\opencv\\build\\x64\\vc16\\lib'), ('NDI_RUNTIME_DIR_V3', 'C:\\Program Files\\NDI\\NDI 6 Runtime\\v6'), ('SystemDrive', 'C:'), ('LOGONSERVER', '\\\\ZEPH-AREPO'), ('PATHEXT', '.COM;.EXE;.BAT;.CMD;.VBS;.VBE;.JS;.JSE;.WSF;.WSH;.MSC;.PY;.PYW;.CPL'), ('CommandPromptType', 'Native'), ('LOCALAPPDATA', 'C:\\Users\\nabet\\AppData\\Local'), ('FrameworkVersion', 'v4.0.30319'), ('ZES_ENABLE_SYSMAN', '1'), ('PYTHONPATH', 'C:\\ci\\ws\\install\\lib\\python3.8\\dist-packages;C:\\dev\\ros2_jazzy\\Lib\\site-packages;'), ('WSLENV', 'WT_SESSION:WT_PROFILE_ID:'), ('JAVA_HOME', 'C:\\Program Files\\Microsoft\\jdk-17.0.12.7-hotspot\\'), ('UCRTVersion', '10.0.19041.0'), ('FrameworkVersion64', 'v4.0.30319'), ('OneDrive', 'C:\\Users\\nabet\\OneDrive'), ('USERNAME', 'nabet'), ('VSINSTALLDIR', 'C:\\Program Files (x86)\\Microsoft Visual Studio\\2019\\Community\\'), ('UniversalCRTSdkDir', 'C:\\Program Files (x86)\\Windows Kits\\10\\'), ('ProgramFiles', 'C:\\Program Files'), ('ChocolateyLastPathUpdate', '133713311956299981'), ('NDI_RUNTIME_DIR_V6', 'C:\\Program Files\\NDI\\NDI 6 Runtime\\v6'), ('PROCESSOR_REVISION', 'ba02'), ('VSCMD_ARG_app_plat', 'Desktop'), ('FPS_BROWSER_APP_PROFILE_STRING', 'Internet Explorer'), ('ROS_DISTRO', 'jazzy'), ('USERPROFILE', 'C:\\Users\\nabet'), ('CommonProgramW6432', 'C:\\Program Files\\Common Files'), ('TEMP', 'C:\\Users\\nabet\\AppData\\Local\\Temp'), ('ALLUSERSPROFILE', 'C:\\ProgramData'), ('DevEnvDir', 'C:\\Program Files (x86)\\Microsoft Visual Studio\\2019\\Community\\Common7\\IDE\\'), ('__DOTNET_ADD_64BIT', '1'), ('CommonProgramFiles', 'C:\\Program Files\\Common Files'), ('PROCESSOR_ARCHITECTURE', 'AMD64'), ('__DOTNET_PREFERRED_BITNESS', '64'), ('USERDOMAIN_ROAMINGPROFILE', 'ZEPH-AREPO'), ('WindowsSDKLibVersion', '10.0.19041.0\\'), ('SystemRoot', 'C:\\Windows'), ('LIBPATH', 'C:\\Program Files (x86)\\Microsoft Visual Studio\\2019\\Community\\VC\\Tools\\MSVC\\14.29.30133\\ATLMFC\\lib\\x64;C:\\Program Files (x86)\\Microsoft Visual Studio\\2019\\Community\\VC\\Tools\\MSVC\\14.29.30133\\lib\\x64;C:\\Program Files (x86)\\Microsoft Visual Studio\\2019\\Community\\VC\\Tools\\MSVC\\14.29.30133\\lib\\x86\\store\\references;C:\\Program Files (x86)\\Windows Kits\\10\\UnionMetadata\\10.0.19041.0;C:\\Program Files (x86)\\Windows Kits\\10\\References\\10.0.19041.0;C:\\Windows\\Microsoft.NET\\Framework64\\v4.0.30319'), ('QT_QPA_PLATFORM_PLUGIN_PATH', 'C:\\Qt\\5.15.0\\msvc2019_64\\plugins\\platforms'), ('RlsSvcPort', '22112')]), 'shell': False}
[19.141000] (-) TimerEvent: {}
[19.156000] (ROTAS_pkg) StdoutLine: {'line': b'-- Installing: C:/Users/nabet/Desktop/GUI/ROTAS-ROS2/install/lib/ROTAS_pkg/talker.exe\n'}
[19.188000] (ROTAS_pkg) StdoutLine: {'line': b'-- Installing: C:/Users/nabet/Desktop/GUI/ROTAS-ROS2/install/share/ament_index/resource_index/package_run_dependencies/ROTAS_pkg\n'}
[19.203000] (ROTAS_pkg) StdoutLine: {'line': b'-- Installing: C:/Users/nabet/Desktop/GUI/ROTAS-ROS2/install/share/ament_index/resource_index/parent_prefix_path/ROTAS_pkg\n'}
[19.203000] (ROTAS_pkg) StdoutLine: {'line': b'-- Installing: C:/Users/nabet/Desktop/GUI/ROTAS-ROS2/install/share/ROTAS_pkg/environment/ament_prefix_path.bat\n'}
[19.203000] (ROTAS_pkg) StdoutLine: {'line': b'-- Installing: C:/Users/nabet/Desktop/GUI/ROTAS-ROS2/install/share/ROTAS_pkg/environment/ament_prefix_path.dsv\n'}
[19.219000] (ROTAS_pkg) StdoutLine: {'line': b'-- Installing: C:/Users/nabet/Desktop/GUI/ROTAS-ROS2/install/share/ROTAS_pkg/environment/path.bat\n'}
[19.234000] (ROTAS_pkg) StdoutLine: {'line': b'-- Installing: C:/Users/nabet/Desktop/GUI/ROTAS-ROS2/install/share/ROTAS_pkg/environment/path.dsv\n'}
[19.234000] (ROTAS_pkg) StdoutLine: {'line': b'-- Installing: C:/Users/nabet/Desktop/GUI/ROTAS-ROS2/install/share/ROTAS_pkg/local_setup.bat\n'}
[19.250000] (-) TimerEvent: {}
[19.250000] (ROTAS_pkg) StdoutLine: {'line': b'-- Installing: C:/Users/nabet/Desktop/GUI/ROTAS-ROS2/install/share/ROTAS_pkg/local_setup.dsv\n'}
[19.266000] (ROTAS_pkg) StdoutLine: {'line': b'-- Installing: C:/Users/nabet/Desktop/GUI/ROTAS-ROS2/install/share/ROTAS_pkg/package.dsv\n'}
[19.281000] (ROTAS_pkg) StdoutLine: {'line': b'-- Installing: C:/Users/nabet/Desktop/GUI/ROTAS-ROS2/install/share/ament_index/resource_index/packages/ROTAS_pkg\n'}
[19.281000] (ROTAS_pkg) StdoutLine: {'line': b'-- Installing: C:/Users/nabet/Desktop/GUI/ROTAS-ROS2/install/share/ROTAS_pkg/cmake/ROTAS_pkgConfig.cmake\n'}
[19.297000] (ROTAS_pkg) StdoutLine: {'line': b'-- Installing: C:/Users/nabet/Desktop/GUI/ROTAS-ROS2/install/share/ROTAS_pkg/cmake/ROTAS_pkgConfig-version.cmake\n'}
[19.297000] (ROTAS_pkg) StdoutLine: {'line': b'-- Installing: C:/Users/nabet/Desktop/GUI/ROTAS-ROS2/install/share/ROTAS_pkg/package.xml\n'}
[19.297000] (ROTAS_pkg) CommandEnded: {'returncode': 0}
[19.359000] (-) TimerEvent: {}
[19.422000] (ROTAS_pkg) JobEnded: {'identifier': 'ROTAS_pkg', 'rc': 0}
[19.422000] (-) EventReactorShutdown: {}
