[0.000000] (-) TimerEvent: {}
[0.015000] (ROTAS_pkg) JobQueued: {'identifier': 'ROTAS_pkg', 'dependencies': OrderedDict()}
[0.015000] (ROTAS_pkg) JobStarted: {'identifier': 'ROTAS_pkg'}
[0.109000] (-) TimerEvent: {}
[0.234000] (-) TimerEvent: {}
[0.343000] (-) TimerEvent: {}
[0.421000] (ROTAS_pkg) JobProgress: {'identifier': 'ROTAS_pkg', 'progress': 'cmake'}
[0.421000] (ROTAS_pkg) JobProgress: {'identifier': 'ROTAS_pkg', 'progress': 'build'}
[0.421000] (ROTAS_pkg) Command: {'cmd': ['C:\\Program Files\\CMake\\bin\\cmake.EXE', '--build', 'C:\\Users\\nabet\\Desktop\\GUI\\ROTAS-ROS2\\build\\ROTAS_pkg', '--config', 'Release'], 'cwd': 'C:\\Users\\nabet\\Desktop\\GUI\\ROTAS-ROS2\\build\\ROTAS_pkg', 'env': {'OS': 'Windows_NT', 'TMP': 'C:\\Users\\nabet\\AppData\\Local\\Temp', 'PSModulePath': 'C:\\Users\\nabet\\Documents\\WindowsPowerShell\\Modules;C:\\Program Files\\WindowsPowerShell\\Modules;C:\\Windows\\system32\\WindowsPowerShell\\v1.0\\Modules', 'ExtensionSdkDir': 'C:\\Program Files (x86)\\Microsoft SDKs\\Windows Kits\\10\\ExtensionSDKs', '__devinit_path': 'C:\\Program Files (x86)\\Microsoft Visual Studio\\2019\\Community\\Common7\\Tools\\devinit\\devinit.exe', 'ROS_DOMAIN_ID': '100', 'AMENT_PREFIX_PATH': 'C:\\Users\\nabet\\Desktop\\GUI\\ROTAS-ROS2\\install;C:\\dev\\ros2_jazzy;', 'ACSvcPort': '17532', 'IGCCSVC_DB': 'AQAAANCMnd8BFdERjHoAwE/Cl+sBAAAA3oBnLk9kMEuSRy0X16Z/vQQAAAACAAAAAAAQZgAAAAEAACAAAADm8C9FruYbjsFsl3S+7Grb03DyHmefgt9oEGStD+prYwAAAAAOgAAAAAIAACAAAACRN40bI5+ND+in46uACquN3UwXimUVztp1NOlesir2i2AAAACpdC/BBCfZNxa1QIGxPpDDXGzmIIlaOeFU2BY88WLLZv442I0T1jRmkXz1MEU7YBVO6UnVDJg7zgkTv25cLOpIcTTZdJunTof9ZiuvXRA6C3ZUVD0QLEUsFFjEfFOo2JVAAAAAOS0rwbnoZjBpcFS36Ew87ZI4437PxuuyrkDHUo4zN1YBSmG1p4fZf3l9VcyvmJS8ywAxSVnK1ixCTZFNVEKsqw==', 'ProgramData': 'C:\\ProgramData', 'VCIDEInstallDir': 'C:\\Program Files (x86)\\Microsoft Visual Studio\\2019\\Community\\Common7\\IDE\\VC\\', 'Framework40Version': 'v4.0', 'FPS_BROWSER_USER_PROFILE_STRING': 'Default', 'WindowsSDKVersion': '10.0.19041.0\\', '__VSCMD_PREINIT_PATH': 'C:\\dev\\ros2_jazzy\\opt/zstd_vendor/lib;C:\\dev\\ros2_jazzy\\opt/zstd_vendor/bin;C:\\dev\\ros2_jazzy\\opt/yaml_cpp_vendor/lib;C:\\dev\\ros2_jazzy\\opt/yaml_cpp_vendor/bin;C:\\dev\\ros2_jazzy\\opt/uncrustify_vendor/bin;C:\\dev\\ros2_jazzy\\opt/sqlite3_vendor/lib;C:\\dev\\ros2_jazzy\\opt/sqlite3_vendor/bin;C:\\dev\\ros2_jazzy\\opt/spdlog_vendor/lib;C:\\dev\\ros2_jazzy\\opt/spdlog_vendor/bin;C:\\dev\\ros2_jazzy\\opt/rviz_ogre_vendor/lib;C:\\dev\\ros2_jazzy\\opt/rviz_ogre_vendor/bin;C:\\dev\\ros2_jazzy\\opt/rviz_assimp_vendor/lib;C:\\dev\\ros2_jazzy\\opt/rviz_assimp_vendor/bin;C:\\dev\\ros2_jazzy\\opt/orocos_kdl_vendor/lib;C:\\dev\\ros2_jazzy\\opt/mimick_vendor/lib;C:\\dev\\ros2_jazzy\\opt/libyaml_vendor/lib;C:\\dev\\ros2_jazzy\\opt/libyaml_vendor/bin;C:\\dev\\ros2_jazzy\\opt/liblz4_vendor/lib;C:\\dev\\ros2_jazzy\\opt/liblz4_vendor/bin;C:\\dev\\ros2_jazzy\\opt/libcurl_vendor/lib;C:\\dev\\ros2_jazzy\\opt/libcurl_vendor/bin;C:\\dev\\ros2_jazzy\\opt/gz_math_vendor/lib;C:\\dev\\ros2_jazzy\\opt/gz_math_vendor/bin;C:\\dev\\ros2_jazzy\\opt/gz_utils_vendor/lib;C:\\dev\\ros2_jazzy\\opt/gz_utils_vendor/bin;C:\\dev\\ros2_jazzy\\opt/gz_cmake_vendor/lib;C:\\dev\\ros2_jazzy\\opt/gz_cmake_vendor/bin;C:\\dev\\ros2_jazzy\\opt/console_bridge_vendor/lib;C:\\dev\\ros2_jazzy\\opt/console_bridge_vendor/bin;C:\\dev\\ros2_jazzy\\Scripts;C:\\dev\\ros2_jazzy\\bin;C:\\Python38\\Scripts\\;C:\\Python38\\;C:\\Program Files\\Common Files\\Oracle\\Java\\javapath;C:\\Program Files\\Microsoft\\jdk-17.0.12.7-hotspot\\bin;C:\\Python312\\Scripts\\;C:\\Python312\\;C:\\Windows\\system32;C:\\Windows;C:\\Windows\\System32\\Wbem;C:\\Windows\\System32\\WindowsPowerShell\\v1.0\\;C:\\Windows\\System32\\OpenSSH\\;C:\\Program Files (x86)\\NVIDIA Corporation\\PhysX\\Common;C:\\Program Files\\NVIDIA Corporation\\NVIDIA NvDLISR;C:\\Program Files\\Git\\cmd;C:\\Program Files\\nodejs\\;C:\\ProgramData\\chocolatey\\bin;C:\\Program Files\\GitHub CLI\\;C:\\Program Files\\MATLAB\\R2024b\\bin;;C:\\ProgramData\\chocolatey\\lib\\cunit\\lib;C:\\ProgramData\\chocolatey\\lib\\tinyxml2\\lib;C:\\ProgramData\\chocolatey\\lib\\bullet\\lib;C:\\Python38\\python.exe;C:\\Users\\nabet\\anaconda3;C:\\Users\\nabet\\anaconda3\\Library\\mingw-w64\\bin;C:\\Users\\nabet\\anaconda3\\Library\\usr\\bin;C:\\Users\\nabet\\anaconda3\\Library\\bin;C:\\Users\\nabet\\anaconda3\\Scripts;C:\\Users\\nabet\\AppData\\Local\\Microsoft\\WindowsApps;C:\\Users\\nabet\\AppData\\Local\\Programs\\Microsoft VS Code\\bin;C:\\Users\\nabet\\AppData\\Local\\spicetify;C:\\Users\\nabet\\AppData\\Roaming\\npm;C:\\mingw64\\bin;C:\\Users\\nabet\\Documents\\ffmpeg-7.0.2-full_build\\bin;C:\\Program Files\\OpenSSL-Win64\\bin;C:\\opencv\\x64\\vc16\\bin;C:\\Program Files\\CMake\\bin;C:\\xmllint\\bin;C:\\Program Files\\Graphviz\\bin;C:\\opt\\opencv\\build\\x64\\vc16\\bin;C:\\opt\\opencv\\build\\x64\\vc16\\lib;', 'USERDOMAIN': 'ZEPH-AREPO', 'ComSpec': 'C:\\Windows\\system32\\cmd.exe', 'VCToolsVersion': '14.29.30133', 'INCLUDE': 'C:\\Program Files (x86)\\Microsoft Visual Studio\\2019\\Community\\VC\\Tools\\MSVC\\14.29.30133\\ATLMFC\\include;C:\\Program Files (x86)\\Microsoft Visual Studio\\2019\\Community\\VC\\Tools\\MSVC\\14.29.30133\\include;C:\\Program Files (x86)\\Windows Kits\\10\\include\\10.0.19041.0\\ucrt;C:\\Program Files (x86)\\Windows Kits\\10\\include\\10.0.19041.0\\shared;C:\\Program Files (x86)\\Windows Kits\\10\\include\\10.0.19041.0\\um;C:\\Program Files (x86)\\Windows Kits\\10\\include\\10.0.19041.0\\winrt;C:\\Program Files (x86)\\Windows Kits\\10\\include\\10.0.19041.0\\cppwinrt', 'NDI_RUNTIME_DIR_V5': 'C:\\Program Files\\NDI\\NDI 6 Runtime\\v6', 'NUMBER_OF_PROCESSORS': '16', 'VCINSTALLDIR': 'C:\\Program Files (x86)\\Microsoft Visual Studio\\2019\\Community\\VC\\', 'NDI_RUNTIME_DIR_V2': 'C:\\Program Files\\NDI\\NDI 6 Runtime\\v6', 'VisualStudioVersion': '16.0', 'ProgramFiles(x86)': 'C:\\Program Files (x86)', 'OpenCV_DIR': 'C:\\opt\\opencv\\build', 'ROS_AUTOMATIC_DISCOVERY_RANGE': 'SUBNET', 'ChocolateyInstall': 'C:\\ProgramData\\chocolatey', 'ProgramW6432': 'C:\\Program Files', 'PROCESSOR_LEVEL': '6', 'VSCMD_VER': '16.11.40', 'PKG_CONFIG_PATH': 'C:\\dev\\ros2_jazzy\\lib\\pkgconfig;', 'DriverData': 'C:\\Windows\\System32\\Drivers\\DriverData', 'WT_SESSION': '58bbc789-9c9b-4e9d-9736-dc2d6000e3a7', 'OPENSSL_CONF': 'C:\\Program Files\\OpenSSL-Win64\\bin\\openssl.cfg', 'PROMPT': '$P$G', '__VSCMD_script_err_count': '0', 'COMPUTERNAME': 'ZEPH-AREPO', 'FrameworkDir': 'C:\\Windows\\Microsoft.NET\\Framework64\\', 'VCToolsRedistDir': 'C:\\Program Files (x86)\\Microsoft Visual Studio\\2019\\Community\\VC\\Redist\\MSVC\\14.29.30133\\', 'CommonProgramFiles(x86)': 'C:\\Program Files (x86)\\Common Files', 'WindowsSdkBinPath': 'C:\\Program Files (x86)\\Windows Kits\\10\\bin\\', 'WindowsSdkDir': 'C:\\Program Files (x86)\\Windows Kits\\10\\', 'VCToolsInstallDir': 'C:\\Program Files (x86)\\Microsoft Visual Studio\\2019\\Community\\VC\\Tools\\MSVC\\14.29.30133\\', 'VS160COMNTOOLS': 'C:\\Program Files (x86)\\Microsoft Visual Studio\\2019\\Community\\Common7\\Tools\\', 'WT_PROFILE_ID': '{3d1beac4-db37-5a28-bab4-993c9803c6aa}', 'SESSIONNAME': 'Console', 'CMAKE_PREFIX_PATH': 'C:\\Users\\nabet\\Desktop\\GUI\\ROTAS-ROS2\\install;C:\\dev\\ros2_jazzy\\opt/yaml_cpp_vendor;C:\\dev\\ros2_jazzy\\opt/pybind11_vendor;C:\\dev\\ros2_jazzy\\opt/orocos_kdl_vendor;C:\\dev\\ros2_jazzy\\opt/gz_math_vendor;C:\\dev\\ros2_jazzy\\opt/gz_utils_vendor;C:\\dev\\ros2_jazzy\\opt/gz_cmake_vendor;C:\\dev\\ros2_jazzy\\opt/console_bridge_vendor;C:\\dev\\ros2_jazzy;', 'ROS_PYTHON_VERSION': '3', 'HOMEDRIVE': 'C:', 'PUBLIC': 'C:\\Users\\Public', 'FrameworkDir64': 'C:\\Windows\\Microsoft.NET\\Framework64\\', 'LIB': 'C:\\Program Files (x86)\\Microsoft Visual Studio\\2019\\Community\\VC\\Tools\\MSVC\\14.29.30133\\ATLMFC\\lib\\x64;C:\\Program Files (x86)\\Microsoft Visual Studio\\2019\\Community\\VC\\Tools\\MSVC\\14.29.30133\\lib\\x64;C:\\Program Files (x86)\\Windows Kits\\10\\lib\\10.0.19041.0\\ucrt\\x64;C:\\Program Files (x86)\\Windows Kits\\10\\lib\\10.0.19041.0\\um\\x64', 'WindowsLibPath': 'C:\\Program Files (x86)\\Windows Kits\\10\\UnionMetadata\\10.0.19041.0;C:\\Program Files (x86)\\Windows Kits\\10\\References\\10.0.19041.0', 'WindowsSdkVerBinPath': 'C:\\Program Files (x86)\\Windows Kits\\10\\bin\\10.0.19041.0\\', 'Qt5_DIR': 'C:\\Qt\\5.15.0\\msvc2019_64', 'VSCMD_ARG_HOST_ARCH': 'x64', 'windir': 'C:\\Windows', 'NDI_RUNTIME_DIR_V4': 'C:\\Program Files\\NDI\\NDI 6 Runtime\\v6', 'COLCON': '1', 'ROS_VERSION': '2', 'VSCMD_ARG_TGT_ARCH': 'x64', 'PROCESSOR_IDENTIFIER': 'Intel64 Family 6 Model 186 Stepping 2, GenuineIntel', 'APPDATA': 'C:\\Users\\nabet\\AppData\\Roaming', 'HOMEPATH': '\\Users\\nabet', 'Path': 'C:\\Program Files (x86)\\Microsoft Visual Studio\\2019\\Community\\VC\\Tools\\MSVC\\14.29.30133\\bin\\HostX64\\x64;C:\\Program Files (x86)\\Microsoft Visual Studio\\2019\\Community\\Common7\\IDE\\VC\\VCPackages;C:\\Program Files (x86)\\Microsoft Visual Studio\\2019\\Community\\Common7\\IDE\\CommonExtensions\\Microsoft\\TestWindow;C:\\Program Files (x86)\\Microsoft Visual Studio\\2019\\Community\\Common7\\IDE\\CommonExtensions\\Microsoft\\TeamFoundation\\Team Explorer;C:\\Program Files (x86)\\Microsoft Visual Studio\\2019\\Community\\MSBuild\\Current\\bin\\Roslyn;C:\\Program Files (x86)\\Microsoft Visual Studio\\2019\\Community\\Team Tools\\Performance Tools\\x64;C:\\Program Files (x86)\\Microsoft Visual Studio\\2019\\Community\\Team Tools\\Performance Tools;C:\\Program Files (x86)\\Microsoft Visual Studio\\Shared\\Common\\VSPerfCollectionTools\\vs2019\\\\x64;C:\\Program Files (x86)\\Microsoft Visual Studio\\Shared\\Common\\VSPerfCollectionTools\\vs2019\\;C:\\Program Files (x86)\\Microsoft Visual Studio\\2019\\Community\\Common7\\Tools\\devinit;C:\\Program Files (x86)\\Windows Kits\\10\\bin\\10.0.19041.0\\x64;C:\\Program Files (x86)\\Windows Kits\\10\\bin\\x64;C:\\Program Files (x86)\\Microsoft Visual Studio\\2019\\Community\\\\MSBuild\\Current\\Bin;C:\\Windows\\Microsoft.NET\\Framework64\\v4.0.30319;C:\\Program Files (x86)\\Microsoft Visual Studio\\2019\\Community\\Common7\\IDE\\;C:\\Program Files (x86)\\Microsoft Visual Studio\\2019\\Community\\Common7\\Tools\\;C:\\dev\\ros2_jazzy\\opt/zstd_vendor/lib;C:\\dev\\ros2_jazzy\\opt/zstd_vendor/bin;C:\\dev\\ros2_jazzy\\opt/yaml_cpp_vendor/lib;C:\\dev\\ros2_jazzy\\opt/yaml_cpp_vendor/bin;C:\\dev\\ros2_jazzy\\opt/uncrustify_vendor/bin;C:\\dev\\ros2_jazzy\\opt/sqlite3_vendor/lib;C:\\dev\\ros2_jazzy\\opt/sqlite3_vendor/bin;C:\\dev\\ros2_jazzy\\opt/spdlog_vendor/lib;C:\\dev\\ros2_jazzy\\opt/spdlog_vendor/bin;C:\\dev\\ros2_jazzy\\opt/rviz_ogre_vendor/lib;C:\\dev\\ros2_jazzy\\opt/rviz_ogre_vendor/bin;C:\\dev\\ros2_jazzy\\opt/rviz_assimp_vendor/lib;C:\\dev\\ros2_jazzy\\opt/rviz_assimp_vendor/bin;C:\\dev\\ros2_jazzy\\opt/orocos_kdl_vendor/lib;C:\\dev\\ros2_jazzy\\opt/mimick_vendor/lib;C:\\dev\\ros2_jazzy\\opt/libyaml_vendor/lib;C:\\dev\\ros2_jazzy\\opt/libyaml_vendor/bin;C:\\dev\\ros2_jazzy\\opt/liblz4_vendor/lib;C:\\dev\\ros2_jazzy\\opt/liblz4_vendor/bin;C:\\dev\\ros2_jazzy\\opt/libcurl_vendor/lib;C:\\dev\\ros2_jazzy\\opt/libcurl_vendor/bin;C:\\dev\\ros2_jazzy\\opt/gz_math_vendor/lib;C:\\dev\\ros2_jazzy\\opt/gz_math_vendor/bin;C:\\dev\\ros2_jazzy\\opt/gz_utils_vendor/lib;C:\\dev\\ros2_jazzy\\opt/gz_utils_vendor/bin;C:\\dev\\ros2_jazzy\\opt/gz_cmake_vendor/lib;C:\\dev\\ros2_jazzy\\opt/gz_cmake_vendor/bin;C:\\dev\\ros2_jazzy\\opt/console_bridge_vendor/lib;C:\\dev\\ros2_jazzy\\opt/console_bridge_vendor/bin;C:\\dev\\ros2_jazzy\\Scripts;C:\\dev\\ros2_jazzy\\bin;C:\\Python38\\Scripts\\;C:\\Python38\\;C:\\Program Files\\Common Files\\Oracle\\Java\\javapath;C:\\Program Files\\Microsoft\\jdk-17.0.12.7-hotspot\\bin;C:\\Python312\\Scripts\\;C:\\Python312\\;C:\\Windows\\system32;C:\\Windows;C:\\Windows\\System32\\Wbem;C:\\Windows\\System32\\WindowsPowerShell\\v1.0\\;C:\\Windows\\System32\\OpenSSH\\;C:\\Program Files (x86)\\NVIDIA Corporation\\PhysX\\Common;C:\\Program Files\\NVIDIA Corporation\\NVIDIA NvDLISR;C:\\Program Files\\Git\\cmd;C:\\Program Files\\nodejs\\;C:\\ProgramData\\chocolatey\\bin;C:\\Program Files\\GitHub CLI\\;C:\\Program Files\\MATLAB\\R2024b\\bin;;C:\\ProgramData\\chocolatey\\lib\\cunit\\lib;C:\\ProgramData\\chocolatey\\lib\\tinyxml2\\lib;C:\\ProgramData\\chocolatey\\lib\\bullet\\lib;C:\\Python38\\python.exe;C:\\Users\\nabet\\anaconda3;C:\\Users\\nabet\\anaconda3\\Library\\mingw-w64\\bin;C:\\Users\\nabet\\anaconda3\\Library\\usr\\bin;C:\\Users\\nabet\\anaconda3\\Library\\bin;C:\\Users\\nabet\\anaconda3\\Scripts;C:\\Users\\nabet\\AppData\\Local\\Microsoft\\WindowsApps;C:\\Users\\nabet\\AppData\\Local\\Programs\\Microsoft VS Code\\bin;C:\\Users\\nabet\\AppData\\Local\\spicetify;C:\\Users\\nabet\\AppData\\Roaming\\npm;C:\\mingw64\\bin;C:\\Users\\nabet\\Documents\\ffmpeg-7.0.2-full_build\\bin;C:\\Program Files\\OpenSSL-Win64\\bin;C:\\opencv\\x64\\vc16\\bin;C:\\Program Files\\CMake\\bin;C:\\xmllint\\bin;C:\\Program Files\\Graphviz\\bin;C:\\opt\\opencv\\build\\x64\\vc16\\bin;C:\\opt\\opencv\\build\\x64\\vc16\\lib', 'NDI_RUNTIME_DIR_V3': 'C:\\Program Files\\NDI\\NDI 6 Runtime\\v6', 'SystemDrive': 'C:', 'LOGONSERVER': '\\\\ZEPH-AREPO', 'PATHEXT': '.COM;.EXE;.BAT;.CMD;.VBS;.VBE;.JS;.JSE;.WSF;.WSH;.MSC;.PY;.PYW;.CPL', 'CommandPromptType': 'Native', 'LOCALAPPDATA': 'C:\\Users\\nabet\\AppData\\Local', 'FrameworkVersion': 'v4.0.30319', 'ZES_ENABLE_SYSMAN': '1', 'PYTHONPATH': 'C:\\ci\\ws\\install\\lib\\python3.8\\dist-packages;C:\\dev\\ros2_jazzy\\Lib\\site-packages;', 'COLCON_CURRENT_PREFIX': 'C:\\Users\\nabet\\Desktop\\GUI\\ROTAS-ROS2\\install', 'WSLENV': 'WT_SESSION:WT_PROFILE_ID:', 'JAVA_HOME': 'C:\\Program Files\\Microsoft\\jdk-17.0.12.7-hotspot\\', 'UCRTVersion': '10.0.19041.0', 'FrameworkVersion64': 'v4.0.30319', 'OneDrive': 'C:\\Users\\nabet\\OneDrive', 'USERNAME': 'nabet', 'VSINSTALLDIR': 'C:\\Program Files (x86)\\Microsoft Visual Studio\\2019\\Community\\', 'UniversalCRTSdkDir': 'C:\\Program Files (x86)\\Windows Kits\\10\\', 'ProgramFiles': 'C:\\Program Files', 'ChocolateyLastPathUpdate': '133713311956299981', 'NDI_RUNTIME_DIR_V6': 'C:\\Program Files\\NDI\\NDI 6 Runtime\\v6', 'PROCESSOR_REVISION': 'ba02', 'VSCMD_ARG_app_plat': 'Desktop', 'FPS_BROWSER_APP_PROFILE_STRING': 'Internet Explorer', 'ROS_DISTRO': 'jazzy', 'USERPROFILE': 'C:\\Users\\nabet', 'CommonProgramW6432': 'C:\\Program Files\\Common Files', 'TEMP': 'C:\\Users\\nabet\\AppData\\Local\\Temp', 'ALLUSERSPROFILE': 'C:\\ProgramData', 'DevEnvDir': 'C:\\Program Files (x86)\\Microsoft Visual Studio\\2019\\Community\\Common7\\IDE\\', '__DOTNET_ADD_64BIT': '1', 'CommonProgramFiles': 'C:\\Program Files\\Common Files', 'PROCESSOR_ARCHITECTURE': 'AMD64', '__DOTNET_PREFERRED_BITNESS': '64', 'USERDOMAIN_ROAMINGPROFILE': 'ZEPH-AREPO', 'WindowsSDKLibVersion': '10.0.19041.0\\', 'SystemRoot': 'C:\\Windows', 'LIBPATH': 'C:\\Program Files (x86)\\Microsoft Visual Studio\\2019\\Community\\VC\\Tools\\MSVC\\14.29.30133\\ATLMFC\\lib\\x64;C:\\Program Files (x86)\\Microsoft Visual Studio\\2019\\Community\\VC\\Tools\\MSVC\\14.29.30133\\lib\\x64;C:\\Program Files (x86)\\Microsoft Visual Studio\\2019\\Community\\VC\\Tools\\MSVC\\14.29.30133\\lib\\x86\\store\\references;C:\\Program Files (x86)\\Windows Kits\\10\\UnionMetadata\\10.0.19041.0;C:\\Program Files (x86)\\Windows Kits\\10\\References\\10.0.19041.0;C:\\Windows\\Microsoft.NET\\Framework64\\v4.0.30319', 'QT_QPA_PLATFORM_PLUGIN_PATH': 'C:\\Qt\\5.15.0\\msvc2019_64\\plugins\\platforms', 'RlsSvcPort': '22112', 'CL': '/MP'}, 'shell': False}
[0.453000] (-) TimerEvent: {}
[0.562000] (-) TimerEvent: {}
[0.593000] (ROTAS_pkg) StdoutLine: {'line': b'Microsoft (R) Build Engine version 16.11.2+f32259642 for .NET Framework\r\n'}
[0.593000] (ROTAS_pkg) StdoutLine: {'line': b'Copyright (C) Microsoft Corporation. All rights reserved.\r\n'}
[0.593000] (ROTAS_pkg) StdoutLine: {'line': b'\r\n'}
[0.671000] (-) TimerEvent: {}
[0.781000] (-) TimerEvent: {}
[0.890000] (-) TimerEvent: {}
[1.000000] (-) TimerEvent: {}
[1.109000] (-) TimerEvent: {}
[1.218000] (-) TimerEvent: {}
[1.234000] (ROTAS_pkg) StdoutLine: {'line': b'  1>Checking Build System\r\n'}
[1.328000] (-) TimerEvent: {}
[1.437000] (-) TimerEvent: {}
[1.515000] (ROTAS_pkg) StdoutLine: {'line': b'  Building Custom Rule C:/Users/nabet/Desktop/GUI/ROTAS-ROS2/src/ROTAS_pkg/CMakeLists.txt\r\n'}
[1.546000] (-) TimerEvent: {}
[1.656000] (-) TimerEvent: {}
[1.750000] (ROTAS_pkg) StdoutLine: {'line': b'  ros2_relay.cpp\r\n'}
[1.765000] (-) TimerEvent: {}
[1.875000] (-) TimerEvent: {}
[1.984000] (-) TimerEvent: {}
[2.093000] (-) TimerEvent: {}
[2.203000] (-) TimerEvent: {}
[2.312000] (-) TimerEvent: {}
[2.421000] (-) TimerEvent: {}
[2.531000] (-) TimerEvent: {}
[2.640000] (-) TimerEvent: {}
[2.781000] (-) TimerEvent: {}
[2.906000] (-) TimerEvent: {}
[3.015000] (-) TimerEvent: {}
[3.125000] (-) TimerEvent: {}
[3.234000] (-) TimerEvent: {}
[3.375000] (-) TimerEvent: {}
[3.500000] (-) TimerEvent: {}
[3.625000] (-) TimerEvent: {}
[3.734000] (-) TimerEvent: {}
[3.921000] (-) TimerEvent: {}
[4.031000] (-) TimerEvent: {}
[4.140000] (-) TimerEvent: {}
[4.250000] (-) TimerEvent: {}
[4.359000] (-) TimerEvent: {}
[4.468000] (-) TimerEvent: {}
[4.593000] (-) TimerEvent: {}
[4.703000] (-) TimerEvent: {}
[4.812000] (-) TimerEvent: {}
[4.921000] (-) TimerEvent: {}
[5.031000] (-) TimerEvent: {}
[5.140000] (-) TimerEvent: {}
[5.250000] (-) TimerEvent: {}
[5.359000] (-) TimerEvent: {}
[5.468000] (-) TimerEvent: {}
[5.578000] (-) TimerEvent: {}
[5.625000] (ROTAS_pkg) StdoutLine: {'line': b"C:\\Users\\nabet\\Desktop\\GUI\\ROTAS-ROS2\\src\\ROTAS_pkg\\src\\ros2_relay.cpp(141,49): warning C4838: conversion from 'unsigned __int64' to 'int' requires a narrowing conversion [C:\\Users\\nabet\\Desktop\\GUI\\ROTAS-ROS2\\build\\ROTAS_pkg\\relay.vcxproj]\r\n"}
[5.625000] (ROTAS_pkg) StdoutLine: {'line': b"C:\\Users\\nabet\\Desktop\\GUI\\ROTAS-ROS2\\src\\ROTAS_pkg\\src\\ros2_relay.cpp(141,51): warning C4267: 'initializing': conversion from 'size_t' to 'int', possible loss of data [C:\\Users\\nabet\\Desktop\\GUI\\ROTAS-ROS2\\build\\ROTAS_pkg\\relay.vcxproj]\r\n"}
[5.625000] (ROTAS_pkg) StdoutLine: {'line': b"C:\\Users\\nabet\\Desktop\\GUI\\ROTAS-ROS2\\src\\ROTAS_pkg\\src\\ros2_relay.cpp(168,34): warning C4838: conversion from 'unsigned __int64' to 'int' requires a narrowing conversion [C:\\Users\\nabet\\Desktop\\GUI\\ROTAS-ROS2\\build\\ROTAS_pkg\\relay.vcxproj]\r\n"}
[5.625000] (ROTAS_pkg) StdoutLine: {'line': b"C:\\Users\\nabet\\Desktop\\GUI\\ROTAS-ROS2\\src\\ROTAS_pkg\\src\\ros2_relay.cpp(168,51): warning C4267: 'initializing': conversion from 'size_t' to 'int', possible loss of data [C:\\Users\\nabet\\Desktop\\GUI\\ROTAS-ROS2\\build\\ROTAS_pkg\\relay.vcxproj]\r\n"}
[5.625000] (ROTAS_pkg) StdoutLine: {'line': b"C:\\Users\\nabet\\Desktop\\GUI\\ROTAS-ROS2\\src\\ROTAS_pkg\\src\\ros2_relay.cpp(173,8): warning C4267: 'argument': conversion from 'size_t' to 'int', possible loss of data [C:\\Users\\nabet\\Desktop\\GUI\\ROTAS-ROS2\\build\\ROTAS_pkg\\relay.vcxproj]\r\n"}
[5.687000] (-) TimerEvent: {}
[5.796000] (-) TimerEvent: {}
[5.906000] (-) TimerEvent: {}
[6.031000] (-) TimerEvent: {}
[6.140000] (-) TimerEvent: {}
[6.250000] (-) TimerEvent: {}
[6.359000] (-) TimerEvent: {}
[6.468000] (-) TimerEvent: {}
[6.578000] (-) TimerEvent: {}
[6.687000] (-) TimerEvent: {}
[6.796000] (-) TimerEvent: {}
[6.906000] (-) TimerEvent: {}
[7.015000] (-) TimerEvent: {}
[7.140000] (-) TimerEvent: {}
[7.250000] (-) TimerEvent: {}
[7.359000] (-) TimerEvent: {}
[7.468000] (-) TimerEvent: {}
[7.578000] (-) TimerEvent: {}
[7.687000] (-) TimerEvent: {}
[7.812000] (-) TimerEvent: {}
[7.921000] (-) TimerEvent: {}
[8.046000] (-) TimerEvent: {}
[8.187000] (-) TimerEvent: {}
[8.296000] (-) TimerEvent: {}
[8.406000] (-) TimerEvent: {}
[8.515000] (-) TimerEvent: {}
[8.640000] (-) TimerEvent: {}
[8.765000] (-) TimerEvent: {}
[8.875000] (-) TimerEvent: {}
[8.984000] (-) TimerEvent: {}
[9.093000] (-) TimerEvent: {}
[9.203000] (-) TimerEvent: {}
[9.312000] (-) TimerEvent: {}
[9.421000] (-) TimerEvent: {}
[9.531000] (-) TimerEvent: {}
[9.640000] (-) TimerEvent: {}
[9.765000] (-) TimerEvent: {}
[9.890000] (-) TimerEvent: {}
[10.000000] (-) TimerEvent: {}
[10.109000] (-) TimerEvent: {}
[10.234000] (-) TimerEvent: {}
[10.437000] (-) TimerEvent: {}
[10.546000] (-) TimerEvent: {}
[10.671000] (-) TimerEvent: {}
[10.781000] (-) TimerEvent: {}
[10.890000] (-) TimerEvent: {}
[11.000000] (-) TimerEvent: {}
[11.109000] (-) TimerEvent: {}
[11.218000] (-) TimerEvent: {}
[11.328000] (-) TimerEvent: {}
[11.437000] (-) TimerEvent: {}
[11.562000] (-) TimerEvent: {}
[11.671000] (-) TimerEvent: {}
[11.781000] (-) TimerEvent: {}
[11.890000] (-) TimerEvent: {}
[12.000000] (-) TimerEvent: {}
[12.109000] (-) TimerEvent: {}
[12.218000] (-) TimerEvent: {}
[12.328000] (-) TimerEvent: {}
[12.437000] (-) TimerEvent: {}
[12.546000] (-) TimerEvent: {}
[12.656000] (-) TimerEvent: {}
[12.781000] (-) TimerEvent: {}
[12.890000] (-) TimerEvent: {}
[13.000000] (-) TimerEvent: {}
[13.109000] (-) TimerEvent: {}
[13.218000] (-) TimerEvent: {}
[13.328000] (-) TimerEvent: {}
[13.437000] (-) TimerEvent: {}
[13.546000] (-) TimerEvent: {}
[13.656000] (-) TimerEvent: {}
[13.671000] (ROTAS_pkg) StdoutLine: {'line': b'  relay.vcxproj -> C:\\Users\\nabet\\Desktop\\GUI\\ROTAS-ROS2\\build\\ROTAS_pkg\\Release\\relay.exe\r\n'}
[13.765000] (-) TimerEvent: {}
[13.875000] (ROTAS_pkg) StdoutLine: {'line': b'  Building Custom Rule C:/Users/nabet/Desktop/GUI/ROTAS-ROS2/src/ROTAS_pkg/CMakeLists.txt\r\n'}
[13.875000] (-) TimerEvent: {}
[13.984000] (-) TimerEvent: {}
[14.015000] (ROTAS_pkg) StdoutLine: {'line': b'  talker.vcxproj -> C:\\Users\\nabet\\Desktop\\GUI\\ROTAS-ROS2\\build\\ROTAS_pkg\\Release\\talker.exe\r\n'}
[14.093000] (-) TimerEvent: {}
[14.171000] (ROTAS_pkg) StdoutLine: {'line': b'  Building Custom Rule C:/Users/nabet/Desktop/GUI/ROTAS-ROS2/src/ROTAS_pkg/CMakeLists.txt\r\n'}
[14.203000] (-) TimerEvent: {}
[14.312000] (ROTAS_pkg) CommandEnded: {'returncode': 0}
[14.312000] (-) TimerEvent: {}
[14.312000] (ROTAS_pkg) JobProgress: {'identifier': 'ROTAS_pkg', 'progress': 'install'}
[14.359000] (ROTAS_pkg) Command: {'cmd': ['C:\\Program Files\\CMake\\bin\\cmake.EXE', '--install', 'C:\\Users\\nabet\\Desktop\\GUI\\ROTAS-ROS2\\build\\ROTAS_pkg', '--config', 'Release'], 'cwd': 'C:\\Users\\nabet\\Desktop\\GUI\\ROTAS-ROS2\\build\\ROTAS_pkg', 'env': OrderedDict([('OS', 'Windows_NT'), ('TMP', 'C:\\Users\\nabet\\AppData\\Local\\Temp'), ('PSModulePath', 'C:\\Users\\nabet\\Documents\\WindowsPowerShell\\Modules;C:\\Program Files\\WindowsPowerShell\\Modules;C:\\Windows\\system32\\WindowsPowerShell\\v1.0\\Modules'), ('ExtensionSdkDir', 'C:\\Program Files (x86)\\Microsoft SDKs\\Windows Kits\\10\\ExtensionSDKs'), ('__devinit_path', 'C:\\Program Files (x86)\\Microsoft Visual Studio\\2019\\Community\\Common7\\Tools\\devinit\\devinit.exe'), ('ROS_DOMAIN_ID', '100'), ('AMENT_PREFIX_PATH', 'C:\\Users\\nabet\\Desktop\\GUI\\ROTAS-ROS2\\install;C:\\dev\\ros2_jazzy;'), ('ACSvcPort', '17532'), ('IGCCSVC_DB', 'AQAAANCMnd8BFdERjHoAwE/Cl+sBAAAA3oBnLk9kMEuSRy0X16Z/vQQAAAACAAAAAAAQZgAAAAEAACAAAADm8C9FruYbjsFsl3S+7Grb03DyHmefgt9oEGStD+prYwAAAAAOgAAAAAIAACAAAACRN40bI5+ND+in46uACquN3UwXimUVztp1NOlesir2i2AAAACpdC/BBCfZNxa1QIGxPpDDXGzmIIlaOeFU2BY88WLLZv442I0T1jRmkXz1MEU7YBVO6UnVDJg7zgkTv25cLOpIcTTZdJunTof9ZiuvXRA6C3ZUVD0QLEUsFFjEfFOo2JVAAAAAOS0rwbnoZjBpcFS36Ew87ZI4437PxuuyrkDHUo4zN1YBSmG1p4fZf3l9VcyvmJS8ywAxSVnK1ixCTZFNVEKsqw=='), ('ProgramData', 'C:\\ProgramData'), ('VCIDEInstallDir', 'C:\\Program Files (x86)\\Microsoft Visual Studio\\2019\\Community\\Common7\\IDE\\VC\\'), ('Framework40Version', 'v4.0'), ('FPS_BROWSER_USER_PROFILE_STRING', 'Default'), ('WindowsSDKVersion', '10.0.19041.0\\'), ('__VSCMD_PREINIT_PATH', 'C:\\dev\\ros2_jazzy\\opt/zstd_vendor/lib;C:\\dev\\ros2_jazzy\\opt/zstd_vendor/bin;C:\\dev\\ros2_jazzy\\opt/yaml_cpp_vendor/lib;C:\\dev\\ros2_jazzy\\opt/yaml_cpp_vendor/bin;C:\\dev\\ros2_jazzy\\opt/uncrustify_vendor/bin;C:\\dev\\ros2_jazzy\\opt/sqlite3_vendor/lib;C:\\dev\\ros2_jazzy\\opt/sqlite3_vendor/bin;C:\\dev\\ros2_jazzy\\opt/spdlog_vendor/lib;C:\\dev\\ros2_jazzy\\opt/spdlog_vendor/bin;C:\\dev\\ros2_jazzy\\opt/rviz_ogre_vendor/lib;C:\\dev\\ros2_jazzy\\opt/rviz_ogre_vendor/bin;C:\\dev\\ros2_jazzy\\opt/rviz_assimp_vendor/lib;C:\\dev\\ros2_jazzy\\opt/rviz_assimp_vendor/bin;C:\\dev\\ros2_jazzy\\opt/orocos_kdl_vendor/lib;C:\\dev\\ros2_jazzy\\opt/mimick_vendor/lib;C:\\dev\\ros2_jazzy\\opt/libyaml_vendor/lib;C:\\dev\\ros2_jazzy\\opt/libyaml_vendor/bin;C:\\dev\\ros2_jazzy\\opt/liblz4_vendor/lib;C:\\dev\\ros2_jazzy\\opt/liblz4_vendor/bin;C:\\dev\\ros2_jazzy\\opt/libcurl_vendor/lib;C:\\dev\\ros2_jazzy\\opt/libcurl_vendor/bin;C:\\dev\\ros2_jazzy\\opt/gz_math_vendor/lib;C:\\dev\\ros2_jazzy\\opt/gz_math_vendor/bin;C:\\dev\\ros2_jazzy\\opt/gz_utils_vendor/lib;C:\\dev\\ros2_jazzy\\opt/gz_utils_vendor/bin;C:\\dev\\ros2_jazzy\\opt/gz_cmake_vendor/lib;C:\\dev\\ros2_jazzy\\opt/gz_cmake_vendor/bin;C:\\dev\\ros2_jazzy\\opt/console_bridge_vendor/lib;C:\\dev\\ros2_jazzy\\opt/console_bridge_vendor/bin;C:\\dev\\ros2_jazzy\\Scripts;C:\\dev\\ros2_jazzy\\bin;C:\\Python38\\Scripts\\;C:\\Python38\\;C:\\Program Files\\Common Files\\Oracle\\Java\\javapath;C:\\Program Files\\Microsoft\\jdk-17.0.12.7-hotspot\\bin;C:\\Python312\\Scripts\\;C:\\Python312\\;C:\\Windows\\system32;C:\\Windows;C:\\Windows\\System32\\Wbem;C:\\Windows\\System32\\WindowsPowerShell\\v1.0\\;C:\\Windows\\System32\\OpenSSH\\;C:\\Program Files (x86)\\NVIDIA Corporation\\PhysX\\Common;C:\\Program Files\\NVIDIA Corporation\\NVIDIA NvDLISR;C:\\Program Files\\Git\\cmd;C:\\Program Files\\nodejs\\;C:\\ProgramData\\chocolatey\\bin;C:\\Program Files\\GitHub CLI\\;C:\\Program Files\\MATLAB\\R2024b\\bin;;C:\\ProgramData\\chocolatey\\lib\\cunit\\lib;C:\\ProgramData\\chocolatey\\lib\\tinyxml2\\lib;C:\\ProgramData\\chocolatey\\lib\\bullet\\lib;C:\\Python38\\python.exe;C:\\Users\\nabet\\anaconda3;C:\\Users\\nabet\\anaconda3\\Library\\mingw-w64\\bin;C:\\Users\\nabet\\anaconda3\\Library\\usr\\bin;C:\\Users\\nabet\\anaconda3\\Library\\bin;C:\\Users\\nabet\\anaconda3\\Scripts;C:\\Users\\nabet\\AppData\\Local\\Microsoft\\WindowsApps;C:\\Users\\nabet\\AppData\\Local\\Programs\\Microsoft VS Code\\bin;C:\\Users\\nabet\\AppData\\Local\\spicetify;C:\\Users\\nabet\\AppData\\Roaming\\npm;C:\\mingw64\\bin;C:\\Users\\nabet\\Documents\\ffmpeg-7.0.2-full_build\\bin;C:\\Program Files\\OpenSSL-Win64\\bin;C:\\opencv\\x64\\vc16\\bin;C:\\Program Files\\CMake\\bin;C:\\xmllint\\bin;C:\\Program Files\\Graphviz\\bin;C:\\opt\\opencv\\build\\x64\\vc16\\bin;C:\\opt\\opencv\\build\\x64\\vc16\\lib;'), ('USERDOMAIN', 'ZEPH-AREPO'), ('ComSpec', 'C:\\Windows\\system32\\cmd.exe'), ('VCToolsVersion', '14.29.30133'), ('INCLUDE', 'C:\\Program Files (x86)\\Microsoft Visual Studio\\2019\\Community\\VC\\Tools\\MSVC\\14.29.30133\\ATLMFC\\include;C:\\Program Files (x86)\\Microsoft Visual Studio\\2019\\Community\\VC\\Tools\\MSVC\\14.29.30133\\include;C:\\Program Files (x86)\\Windows Kits\\10\\include\\10.0.19041.0\\ucrt;C:\\Program Files (x86)\\Windows Kits\\10\\include\\10.0.19041.0\\shared;C:\\Program Files (x86)\\Windows Kits\\10\\include\\10.0.19041.0\\um;C:\\Program Files (x86)\\Windows Kits\\10\\include\\10.0.19041.0\\winrt;C:\\Program Files (x86)\\Windows Kits\\10\\include\\10.0.19041.0\\cppwinrt'), ('NDI_RUNTIME_DIR_V5', 'C:\\Program Files\\NDI\\NDI 6 Runtime\\v6'), ('NUMBER_OF_PROCESSORS', '16'), ('VCINSTALLDIR', 'C:\\Program Files (x86)\\Microsoft Visual Studio\\2019\\Community\\VC\\'), ('NDI_RUNTIME_DIR_V2', 'C:\\Program Files\\NDI\\NDI 6 Runtime\\v6'), ('VisualStudioVersion', '16.0'), ('ProgramFiles(x86)', 'C:\\Program Files (x86)'), ('OpenCV_DIR', 'C:\\opt\\opencv\\build'), ('ROS_AUTOMATIC_DISCOVERY_RANGE', 'SUBNET'), ('ChocolateyInstall', 'C:\\ProgramData\\chocolatey'), ('ProgramW6432', 'C:\\Program Files'), ('PROCESSOR_LEVEL', '6'), ('VSCMD_VER', '16.11.40'), ('PKG_CONFIG_PATH', 'C:\\dev\\ros2_jazzy\\lib\\pkgconfig;'), ('DriverData', 'C:\\Windows\\System32\\Drivers\\DriverData'), ('WT_SESSION', '58bbc789-9c9b-4e9d-9736-dc2d6000e3a7'), ('OPENSSL_CONF', 'C:\\Program Files\\OpenSSL-Win64\\bin\\openssl.cfg'), ('PROMPT', '$P$G'), ('__VSCMD_script_err_count', '0'), ('COMPUTERNAME', 'ZEPH-AREPO'), ('FrameworkDir', 'C:\\Windows\\Microsoft.NET\\Framework64\\'), ('VCToolsRedistDir', 'C:\\Program Files (x86)\\Microsoft Visual Studio\\2019\\Community\\VC\\Redist\\MSVC\\14.29.30133\\'), ('CommonProgramFiles(x86)', 'C:\\Program Files (x86)\\Common Files'), ('WindowsSdkBinPath', 'C:\\Program Files (x86)\\Windows Kits\\10\\bin\\'), ('WindowsSdkDir', 'C:\\Program Files (x86)\\Windows Kits\\10\\'), ('VCToolsInstallDir', 'C:\\Program Files (x86)\\Microsoft Visual Studio\\2019\\Community\\VC\\Tools\\MSVC\\14.29.30133\\'), ('VS160COMNTOOLS', 'C:\\Program Files (x86)\\Microsoft Visual Studio\\2019\\Community\\Common7\\Tools\\'), ('WT_PROFILE_ID', '{3d1beac4-db37-5a28-bab4-993c9803c6aa}'), ('SESSIONNAME', 'Console'), ('CMAKE_PREFIX_PATH', 'C:\\Users\\nabet\\Desktop\\GUI\\ROTAS-ROS2\\install;C:\\dev\\ros2_jazzy\\opt/yaml_cpp_vendor;C:\\dev\\ros2_jazzy\\opt/pybind11_vendor;C:\\dev\\ros2_jazzy\\opt/orocos_kdl_vendor;C:\\dev\\ros2_jazzy\\opt/gz_math_vendor;C:\\dev\\ros2_jazzy\\opt/gz_utils_vendor;C:\\dev\\ros2_jazzy\\opt/gz_cmake_vendor;C:\\dev\\ros2_jazzy\\opt/console_bridge_vendor;C:\\dev\\ros2_jazzy;'), ('ROS_PYTHON_VERSION', '3'), ('HOMEDRIVE', 'C:'), ('PUBLIC', 'C:\\Users\\Public'), ('FrameworkDir64', 'C:\\Windows\\Microsoft.NET\\Framework64\\'), ('LIB', 'C:\\Program Files (x86)\\Microsoft Visual Studio\\2019\\Community\\VC\\Tools\\MSVC\\14.29.30133\\ATLMFC\\lib\\x64;C:\\Program Files (x86)\\Microsoft Visual Studio\\2019\\Community\\VC\\Tools\\MSVC\\14.29.30133\\lib\\x64;C:\\Program Files (x86)\\Windows Kits\\10\\lib\\10.0.19041.0\\ucrt\\x64;C:\\Program Files (x86)\\Windows Kits\\10\\lib\\10.0.19041.0\\um\\x64'), ('WindowsLibPath', 'C:\\Program Files (x86)\\Windows Kits\\10\\UnionMetadata\\10.0.19041.0;C:\\Program Files (x86)\\Windows Kits\\10\\References\\10.0.19041.0'), ('WindowsSdkVerBinPath', 'C:\\Program Files (x86)\\Windows Kits\\10\\bin\\10.0.19041.0\\'), ('Qt5_DIR', 'C:\\Qt\\5.15.0\\msvc2019_64'), ('VSCMD_ARG_HOST_ARCH', 'x64'), ('windir', 'C:\\Windows'), ('NDI_RUNTIME_DIR_V4', 'C:\\Program Files\\NDI\\NDI 6 Runtime\\v6'), ('COLCON', '1'), ('ROS_VERSION', '2'), ('VSCMD_ARG_TGT_ARCH', 'x64'), ('PROCESSOR_IDENTIFIER', 'Intel64 Family 6 Model 186 Stepping 2, GenuineIntel'), ('APPDATA', 'C:\\Users\\nabet\\AppData\\Roaming'), ('HOMEPATH', '\\Users\\nabet'), ('Path', 'C:\\Program Files (x86)\\Microsoft Visual Studio\\2019\\Community\\VC\\Tools\\MSVC\\14.29.30133\\bin\\HostX64\\x64;C:\\Program Files (x86)\\Microsoft Visual Studio\\2019\\Community\\Common7\\IDE\\VC\\VCPackages;C:\\Program Files (x86)\\Microsoft Visual Studio\\2019\\Community\\Common7\\IDE\\CommonExtensions\\Microsoft\\TestWindow;C:\\Program Files (x86)\\Microsoft Visual Studio\\2019\\Community\\Common7\\IDE\\CommonExtensions\\Microsoft\\TeamFoundation\\Team Explorer;C:\\Program Files (x86)\\Microsoft Visual Studio\\2019\\Community\\MSBuild\\Current\\bin\\Roslyn;C:\\Program Files (x86)\\Microsoft Visual Studio\\2019\\Community\\Team Tools\\Performance Tools\\x64;C:\\Program Files (x86)\\Microsoft Visual Studio\\2019\\Community\\Team Tools\\Performance Tools;C:\\Program Files (x86)\\Microsoft Visual Studio\\Shared\\Common\\VSPerfCollectionTools\\vs2019\\\\x64;C:\\Program Files (x86)\\Microsoft Visual Studio\\Shared\\Common\\VSPerfCollectionTools\\vs2019\\;C:\\Program Files (x86)\\Microsoft Visual Studio\\2019\\Community\\Common7\\Tools\\devinit;C:\\Program Files (x86)\\Windows Kits\\10\\bin\\10.0.19041.0\\x64;C:\\Program Files (x86)\\Windows Kits\\10\\bin\\x64;C:\\Program Files (x86)\\Microsoft Visual Studio\\2019\\Community\\\\MSBuild\\Current\\Bin;C:\\Windows\\Microsoft.NET\\Framework64\\v4.0.30319;C:\\Program Files (x86)\\Microsoft Visual Studio\\2019\\Community\\Common7\\IDE\\;C:\\Program Files (x86)\\Microsoft Visual Studio\\2019\\Community\\Common7\\Tools\\;C:\\dev\\ros2_jazzy\\opt/zstd_vendor/lib;C:\\dev\\ros2_jazzy\\opt/zstd_vendor/bin;C:\\dev\\ros2_jazzy\\opt/yaml_cpp_vendor/lib;C:\\dev\\ros2_jazzy\\opt/yaml_cpp_vendor/bin;C:\\dev\\ros2_jazzy\\opt/uncrustify_vendor/bin;C:\\dev\\ros2_jazzy\\opt/sqlite3_vendor/lib;C:\\dev\\ros2_jazzy\\opt/sqlite3_vendor/bin;C:\\dev\\ros2_jazzy\\opt/spdlog_vendor/lib;C:\\dev\\ros2_jazzy\\opt/spdlog_vendor/bin;C:\\dev\\ros2_jazzy\\opt/rviz_ogre_vendor/lib;C:\\dev\\ros2_jazzy\\opt/rviz_ogre_vendor/bin;C:\\dev\\ros2_jazzy\\opt/rviz_assimp_vendor/lib;C:\\dev\\ros2_jazzy\\opt/rviz_assimp_vendor/bin;C:\\dev\\ros2_jazzy\\opt/orocos_kdl_vendor/lib;C:\\dev\\ros2_jazzy\\opt/mimick_vendor/lib;C:\\dev\\ros2_jazzy\\opt/libyaml_vendor/lib;C:\\dev\\ros2_jazzy\\opt/libyaml_vendor/bin;C:\\dev\\ros2_jazzy\\opt/liblz4_vendor/lib;C:\\dev\\ros2_jazzy\\opt/liblz4_vendor/bin;C:\\dev\\ros2_jazzy\\opt/libcurl_vendor/lib;C:\\dev\\ros2_jazzy\\opt/libcurl_vendor/bin;C:\\dev\\ros2_jazzy\\opt/gz_math_vendor/lib;C:\\dev\\ros2_jazzy\\opt/gz_math_vendor/bin;C:\\dev\\ros2_jazzy\\opt/gz_utils_vendor/lib;C:\\dev\\ros2_jazzy\\opt/gz_utils_vendor/bin;C:\\dev\\ros2_jazzy\\opt/gz_cmake_vendor/lib;C:\\dev\\ros2_jazzy\\opt/gz_cmake_vendor/bin;C:\\dev\\ros2_jazzy\\opt/console_bridge_vendor/lib;C:\\dev\\ros2_jazzy\\opt/console_bridge_vendor/bin;C:\\dev\\ros2_jazzy\\Scripts;C:\\dev\\ros2_jazzy\\bin;C:\\Python38\\Scripts\\;C:\\Python38\\;C:\\Program Files\\Common Files\\Oracle\\Java\\javapath;C:\\Program Files\\Microsoft\\jdk-17.0.12.7-hotspot\\bin;C:\\Python312\\Scripts\\;C:\\Python312\\;C:\\Windows\\system32;C:\\Windows;C:\\Windows\\System32\\Wbem;C:\\Windows\\System32\\WindowsPowerShell\\v1.0\\;C:\\Windows\\System32\\OpenSSH\\;C:\\Program Files (x86)\\NVIDIA Corporation\\PhysX\\Common;C:\\Program Files\\NVIDIA Corporation\\NVIDIA NvDLISR;C:\\Program Files\\Git\\cmd;C:\\Program Files\\nodejs\\;C:\\ProgramData\\chocolatey\\bin;C:\\Program Files\\GitHub CLI\\;C:\\Program Files\\MATLAB\\R2024b\\bin;;C:\\ProgramData\\chocolatey\\lib\\cunit\\lib;C:\\ProgramData\\chocolatey\\lib\\tinyxml2\\lib;C:\\ProgramData\\chocolatey\\lib\\bullet\\lib;C:\\Python38\\python.exe;C:\\Users\\nabet\\anaconda3;C:\\Users\\nabet\\anaconda3\\Library\\mingw-w64\\bin;C:\\Users\\nabet\\anaconda3\\Library\\usr\\bin;C:\\Users\\nabet\\anaconda3\\Library\\bin;C:\\Users\\nabet\\anaconda3\\Scripts;C:\\Users\\nabet\\AppData\\Local\\Microsoft\\WindowsApps;C:\\Users\\nabet\\AppData\\Local\\Programs\\Microsoft VS Code\\bin;C:\\Users\\nabet\\AppData\\Local\\spicetify;C:\\Users\\nabet\\AppData\\Roaming\\npm;C:\\mingw64\\bin;C:\\Users\\nabet\\Documents\\ffmpeg-7.0.2-full_build\\bin;C:\\Program Files\\OpenSSL-Win64\\bin;C:\\opencv\\x64\\vc16\\bin;C:\\Program Files\\CMake\\bin;C:\\xmllint\\bin;C:\\Program Files\\Graphviz\\bin;C:\\opt\\opencv\\build\\x64\\vc16\\bin;C:\\opt\\opencv\\build\\x64\\vc16\\lib'), ('NDI_RUNTIME_DIR_V3', 'C:\\Program Files\\NDI\\NDI 6 Runtime\\v6'), ('SystemDrive', 'C:'), ('LOGONSERVER', '\\\\ZEPH-AREPO'), ('PATHEXT', '.COM;.EXE;.BAT;.CMD;.VBS;.VBE;.JS;.JSE;.WSF;.WSH;.MSC;.PY;.PYW;.CPL'), ('CommandPromptType', 'Native'), ('LOCALAPPDATA', 'C:\\Users\\nabet\\AppData\\Local'), ('FrameworkVersion', 'v4.0.30319'), ('ZES_ENABLE_SYSMAN', '1'), ('PYTHONPATH', 'C:\\ci\\ws\\install\\lib\\python3.8\\dist-packages;C:\\dev\\ros2_jazzy\\Lib\\site-packages;'), ('COLCON_CURRENT_PREFIX', 'C:\\Users\\nabet\\Desktop\\GUI\\ROTAS-ROS2\\install'), ('WSLENV', 'WT_SESSION:WT_PROFILE_ID:'), ('JAVA_HOME', 'C:\\Program Files\\Microsoft\\jdk-17.0.12.7-hotspot\\'), ('UCRTVersion', '10.0.19041.0'), ('FrameworkVersion64', 'v4.0.30319'), ('OneDrive', 'C:\\Users\\nabet\\OneDrive'), ('USERNAME', 'nabet'), ('VSINSTALLDIR', 'C:\\Program Files (x86)\\Microsoft Visual Studio\\2019\\Community\\'), ('UniversalCRTSdkDir', 'C:\\Program Files (x86)\\Windows Kits\\10\\'), ('ProgramFiles', 'C:\\Program Files'), ('ChocolateyLastPathUpdate', '133713311956299981'), ('NDI_RUNTIME_DIR_V6', 'C:\\Program Files\\NDI\\NDI 6 Runtime\\v6'), ('PROCESSOR_REVISION', 'ba02'), ('VSCMD_ARG_app_plat', 'Desktop'), ('FPS_BROWSER_APP_PROFILE_STRING', 'Internet Explorer'), ('ROS_DISTRO', 'jazzy'), ('USERPROFILE', 'C:\\Users\\nabet'), ('CommonProgramW6432', 'C:\\Program Files\\Common Files'), ('TEMP', 'C:\\Users\\nabet\\AppData\\Local\\Temp'), ('ALLUSERSPROFILE', 'C:\\ProgramData'), ('DevEnvDir', 'C:\\Program Files (x86)\\Microsoft Visual Studio\\2019\\Community\\Common7\\IDE\\'), ('__DOTNET_ADD_64BIT', '1'), ('CommonProgramFiles', 'C:\\Program Files\\Common Files'), ('PROCESSOR_ARCHITECTURE', 'AMD64'), ('__DOTNET_PREFERRED_BITNESS', '64'), ('USERDOMAIN_ROAMINGPROFILE', 'ZEPH-AREPO'), ('WindowsSDKLibVersion', '10.0.19041.0\\'), ('SystemRoot', 'C:\\Windows'), ('LIBPATH', 'C:\\Program Files (x86)\\Microsoft Visual Studio\\2019\\Community\\VC\\Tools\\MSVC\\14.29.30133\\ATLMFC\\lib\\x64;C:\\Program Files (x86)\\Microsoft Visual Studio\\2019\\Community\\VC\\Tools\\MSVC\\14.29.30133\\lib\\x64;C:\\Program Files (x86)\\Microsoft Visual Studio\\2019\\Community\\VC\\Tools\\MSVC\\14.29.30133\\lib\\x86\\store\\references;C:\\Program Files (x86)\\Windows Kits\\10\\UnionMetadata\\10.0.19041.0;C:\\Program Files (x86)\\Windows Kits\\10\\References\\10.0.19041.0;C:\\Windows\\Microsoft.NET\\Framework64\\v4.0.30319'), ('QT_QPA_PLATFORM_PLUGIN_PATH', 'C:\\Qt\\5.15.0\\msvc2019_64\\plugins\\platforms'), ('RlsSvcPort', '22112')]), 'shell': False}
[14.390000] (ROTAS_pkg) StdoutLine: {'line': b'-- Up-to-date: C:/Users/nabet/Desktop/GUI/ROTAS-ROS2/install/lib/ROTAS_pkg/talker.exe\n'}
[14.421000] (-) TimerEvent: {}
[14.484000] (ROTAS_pkg) StdoutLine: {'line': b'-- Installing: C:/Users/nabet/Desktop/GUI/ROTAS-ROS2/install/lib/ROTAS_pkg/relay.exe\n'}
[14.484000] (ROTAS_pkg) StdoutLine: {'line': b'-- Up-to-date: C:/Users/nabet/Desktop/GUI/ROTAS-ROS2/install/share/ament_index/resource_index/package_run_dependencies/ROTAS_pkg\n'}
[14.484000] (ROTAS_pkg) StdoutLine: {'line': b'-- Up-to-date: C:/Users/nabet/Desktop/GUI/ROTAS-ROS2/install/share/ament_index/resource_index/parent_prefix_path/ROTAS_pkg\n'}
[14.484000] (ROTAS_pkg) StdoutLine: {'line': b'-- Up-to-date: C:/Users/nabet/Desktop/GUI/ROTAS-ROS2/install/share/ROTAS_pkg/environment/ament_prefix_path.bat\n'}
[14.484000] (ROTAS_pkg) StdoutLine: {'line': b'-- Up-to-date: C:/Users/nabet/Desktop/GUI/ROTAS-ROS2/install/share/ROTAS_pkg/environment/ament_prefix_path.dsv\n'}
[14.484000] (ROTAS_pkg) StdoutLine: {'line': b'-- Up-to-date: C:/Users/nabet/Desktop/GUI/ROTAS-ROS2/install/share/ROTAS_pkg/environment/path.bat\n'}
[14.484000] (ROTAS_pkg) StdoutLine: {'line': b'-- Up-to-date: C:/Users/nabet/Desktop/GUI/ROTAS-ROS2/install/share/ROTAS_pkg/environment/path.dsv\n'}
[14.484000] (ROTAS_pkg) StdoutLine: {'line': b'-- Up-to-date: C:/Users/nabet/Desktop/GUI/ROTAS-ROS2/install/share/ROTAS_pkg/local_setup.bat\n'}
[14.484000] (ROTAS_pkg) StdoutLine: {'line': b'-- Up-to-date: C:/Users/nabet/Desktop/GUI/ROTAS-ROS2/install/share/ROTAS_pkg/local_setup.dsv\n'}
[14.484000] (ROTAS_pkg) StdoutLine: {'line': b'-- Installing: C:/Users/nabet/Desktop/GUI/ROTAS-ROS2/install/share/ROTAS_pkg/package.dsv\n'}
[14.484000] (ROTAS_pkg) StdoutLine: {'line': b'-- Up-to-date: C:/Users/nabet/Desktop/GUI/ROTAS-ROS2/install/share/ament_index/resource_index/packages/ROTAS_pkg\n'}
[14.500000] (ROTAS_pkg) StdoutLine: {'line': b'-- Up-to-date: C:/Users/nabet/Desktop/GUI/ROTAS-ROS2/install/share/ROTAS_pkg/cmake/ROTAS_pkgConfig.cmake\n'}
[14.500000] (ROTAS_pkg) StdoutLine: {'line': b'-- Up-to-date: C:/Users/nabet/Desktop/GUI/ROTAS-ROS2/install/share/ROTAS_pkg/cmake/ROTAS_pkgConfig-version.cmake\n'}
[14.500000] (ROTAS_pkg) StdoutLine: {'line': b'-- Up-to-date: C:/Users/nabet/Desktop/GUI/ROTAS-ROS2/install/share/ROTAS_pkg/package.xml\n'}
[14.500000] (ROTAS_pkg) CommandEnded: {'returncode': 0}
[14.531000] (-) TimerEvent: {}
[14.578000] (ROTAS_pkg) JobEnded: {'identifier': 'ROTAS_pkg', 'rc': 0}
[14.578000] (-) EventReactorShutdown: {}
